{"C:\\Users\\natew\\OneDrive\\Desktop\\RecueWorks Version Control\\RescueWorks-main (3)\\RescueWorks-main\\frontend\\src\\App.jsx": {"path":"C:\\Users\\natew\\OneDrive\\Desktop\\RecueWorks Version Control\\RescueWorks-main (3)\\RescueWorks-main\\frontend\\src\\App.jsx","all":false,"statementMap":{"0":{"start":{"line":1,"column":0},"end":{"line":1,"column":53}},"1":{"start":{"line":2,"column":0},"end":{"line":2,"column":42}},"2":{"start":{"line":3,"column":0},"end":{"line":3,"column":0}},"3":{"start":{"line":4,"column":0},"end":{"line":4,"column":46}},"4":{"start":{"line":5,"column":0},"end":{"line":5,"column":16}},"5":{"start":{"line":6,"column":0},"end":{"line":6,"column":10}},"6":{"start":{"line":7,"column":0},"end":{"line":7,"column":26}},"7":{"start":{"line":8,"column":0},"end":{"line":8,"column":35}},"8":{"start":{"line":9,"column":0},"end":{"line":9,"column":22}},"9":{"start":{"line":10,"column":0},"end":{"line":10,"column":72}},"10":{"start":{"line":11,"column":0},"end":{"line":11,"column":22}},"11":{"start":{"line":12,"column":0},"end":{"line":12,"column":27}},"12":{"start":{"line":13,"column":0},"end":{"line":13,"column":72}},"13":{"start":{"line":14,"column":0},"end":{"line":14,"column":23}},"14":{"start":{"line":15,"column":0},"end":{"line":15,"column":23}},"15":{"start":{"line":16,"column":0},"end":{"line":16,"column":22}},"16":{"start":{"line":17,"column":0},"end":{"line":17,"column":26}},"17":{"start":{"line":18,"column":0},"end":{"line":18,"column":20}},"18":{"start":{"line":19,"column":0},"end":{"line":19,"column":25}},"19":{"start":{"line":20,"column":0},"end":{"line":20,"column":76}},"20":{"start":{"line":21,"column":0},"end":{"line":21,"column":83}},"21":{"start":{"line":22,"column":0},"end":{"line":22,"column":4}},"22":{"start":{"line":23,"column":0},"end":{"line":23,"column":9}},"23":{"start":{"line":24,"column":0},"end":{"line":24,"column":26}},"24":{"start":{"line":25,"column":0},"end":{"line":25,"column":35}},"25":{"start":{"line":26,"column":0},"end":{"line":26,"column":22}},"26":{"start":{"line":27,"column":0},"end":{"line":27,"column":72}},"27":{"start":{"line":28,"column":0},"end":{"line":28,"column":22}},"28":{"start":{"line":29,"column":0},"end":{"line":29,"column":27}},"29":{"start":{"line":30,"column":0},"end":{"line":30,"column":72}},"30":{"start":{"line":31,"column":0},"end":{"line":31,"column":23}},"31":{"start":{"line":32,"column":0},"end":{"line":32,"column":23}},"32":{"start":{"line":33,"column":0},"end":{"line":33,"column":22}},"33":{"start":{"line":34,"column":0},"end":{"line":34,"column":26}},"34":{"start":{"line":35,"column":0},"end":{"line":35,"column":20}},"35":{"start":{"line":36,"column":0},"end":{"line":36,"column":25}},"36":{"start":{"line":37,"column":0},"end":{"line":37,"column":76}},"37":{"start":{"line":38,"column":0},"end":{"line":38,"column":83}},"38":{"start":{"line":39,"column":0},"end":{"line":39,"column":3}},"39":{"start":{"line":40,"column":0},"end":{"line":40,"column":2}},"40":{"start":{"line":41,"column":0},"end":{"line":41,"column":0}},"41":{"start":{"line":42,"column":0},"end":{"line":42,"column":41}},"42":{"start":{"line":43,"column":0},"end":{"line":43,"column":38}},"43":{"start":{"line":44,"column":0},"end":{"line":44,"column":9}},"44":{"start":{"line":45,"column":0},"end":{"line":45,"column":23}},"45":{"start":{"line":46,"column":0},"end":{"line":46,"column":34}},"46":{"start":{"line":47,"column":0},"end":{"line":47,"column":23}},"47":{"start":{"line":48,"column":0},"end":{"line":48,"column":109}},"48":{"start":{"line":49,"column":0},"end":{"line":49,"column":32}},"49":{"start":{"line":50,"column":0},"end":{"line":50,"column":4}},"50":{"start":{"line":51,"column":0},"end":{"line":51,"column":11}},"51":{"start":{"line":52,"column":0},"end":{"line":52,"column":20}},"52":{"start":{"line":53,"column":0},"end":{"line":53,"column":25}},"53":{"start":{"line":54,"column":0},"end":{"line":54,"column":36}},"54":{"start":{"line":55,"column":0},"end":{"line":55,"column":25}},"55":{"start":{"line":56,"column":0},"end":{"line":56,"column":38}},"56":{"start":{"line":57,"column":0},"end":{"line":57,"column":19}},"57":{"start":{"line":58,"column":0},"end":{"line":58,"column":31}},"58":{"start":{"line":59,"column":0},"end":{"line":59,"column":23}},"59":{"start":{"line":60,"column":0},"end":{"line":60,"column":11}},"60":{"start":{"line":61,"column":0},"end":{"line":61,"column":16}},"61":{"start":{"line":62,"column":0},"end":{"line":62,"column":33}},"62":{"start":{"line":63,"column":0},"end":{"line":63,"column":4}},"63":{"start":{"line":64,"column":0},"end":{"line":64,"column":9}},"64":{"start":{"line":65,"column":0},"end":{"line":65,"column":20}},"65":{"start":{"line":66,"column":0},"end":{"line":66,"column":25}},"66":{"start":{"line":67,"column":0},"end":{"line":67,"column":19}},"67":{"start":{"line":68,"column":0},"end":{"line":68,"column":20}},"68":{"start":{"line":69,"column":0},"end":{"line":69,"column":24}},"69":{"start":{"line":70,"column":0},"end":{"line":70,"column":30}},"70":{"start":{"line":71,"column":0},"end":{"line":71,"column":4}},"71":{"start":{"line":72,"column":0},"end":{"line":72,"column":8}},"72":{"start":{"line":73,"column":0},"end":{"line":73,"column":20}},"73":{"start":{"line":74,"column":0},"end":{"line":74,"column":18}},"74":{"start":{"line":75,"column":0},"end":{"line":75,"column":25}},"75":{"start":{"line":76,"column":0},"end":{"line":76,"column":4}},"76":{"start":{"line":77,"column":0},"end":{"line":77,"column":27}},"77":{"start":{"line":78,"column":0},"end":{"line":78,"column":27}},"78":{"start":{"line":79,"column":0},"end":{"line":79,"column":27}},"79":{"start":{"line":80,"column":0},"end":{"line":80,"column":19}},"80":{"start":{"line":81,"column":0},"end":{"line":81,"column":69}},"81":{"start":{"line":82,"column":0},"end":{"line":82,"column":19}},"82":{"start":{"line":83,"column":0},"end":{"line":83,"column":22}},"83":{"start":{"line":84,"column":0},"end":{"line":84,"column":23}},"84":{"start":{"line":85,"column":0},"end":{"line":85,"column":20}},"85":{"start":{"line":86,"column":0},"end":{"line":86,"column":32}},"86":{"start":{"line":87,"column":0},"end":{"line":87,"column":33}},"87":{"start":{"line":88,"column":0},"end":{"line":88,"column":5}},"88":{"start":{"line":89,"column":0},"end":{"line":89,"column":12}},"89":{"start":{"line":90,"column":0},"end":{"line":90,"column":23}},"90":{"start":{"line":91,"column":0},"end":{"line":91,"column":24}},"91":{"start":{"line":92,"column":0},"end":{"line":92,"column":27}},"92":{"start":{"line":93,"column":0},"end":{"line":93,"column":4}},"93":{"start":{"line":94,"column":0},"end":{"line":94,"column":9}},"94":{"start":{"line":95,"column":0},"end":{"line":95,"column":45}},"95":{"start":{"line":96,"column":0},"end":{"line":96,"column":25}},"96":{"start":{"line":97,"column":0},"end":{"line":97,"column":43}},"97":{"start":{"line":98,"column":0},"end":{"line":98,"column":22}},"98":{"start":{"line":99,"column":0},"end":{"line":99,"column":29}},"99":{"start":{"line":100,"column":0},"end":{"line":100,"column":32}},"100":{"start":{"line":101,"column":0},"end":{"line":101,"column":4}},"101":{"start":{"line":102,"column":0},"end":{"line":102,"column":37}},"102":{"start":{"line":103,"column":0},"end":{"line":103,"column":32}},"103":{"start":{"line":104,"column":0},"end":{"line":104,"column":27}},"104":{"start":{"line":105,"column":0},"end":{"line":105,"column":19}},"105":{"start":{"line":106,"column":0},"end":{"line":106,"column":64}},"106":{"start":{"line":107,"column":0},"end":{"line":107,"column":55}},"107":{"start":{"line":108,"column":0},"end":{"line":108,"column":71}},"108":{"start":{"line":109,"column":0},"end":{"line":109,"column":19}},"109":{"start":{"line":110,"column":0},"end":{"line":110,"column":20}},"110":{"start":{"line":111,"column":0},"end":{"line":111,"column":23}},"111":{"start":{"line":112,"column":0},"end":{"line":112,"column":22}},"112":{"start":{"line":113,"column":0},"end":{"line":113,"column":32}},"113":{"start":{"line":114,"column":0},"end":{"line":114,"column":27}},"114":{"start":{"line":115,"column":0},"end":{"line":115,"column":25}},"115":{"start":{"line":116,"column":0},"end":{"line":116,"column":18}},"116":{"start":{"line":117,"column":0},"end":{"line":117,"column":5}},"117":{"start":{"line":118,"column":0},"end":{"line":118,"column":10}},"118":{"start":{"line":119,"column":0},"end":{"line":119,"column":18}},"119":{"start":{"line":120,"column":0},"end":{"line":120,"column":33}},"120":{"start":{"line":121,"column":0},"end":{"line":121,"column":27}},"121":{"start":{"line":122,"column":0},"end":{"line":122,"column":45}},"122":{"start":{"line":123,"column":0},"end":{"line":123,"column":23}},"123":{"start":{"line":124,"column":0},"end":{"line":124,"column":43}},"124":{"start":{"line":125,"column":0},"end":{"line":125,"column":23}},"125":{"start":{"line":126,"column":0},"end":{"line":126,"column":32}},"126":{"start":{"line":127,"column":0},"end":{"line":127,"column":4}},"127":{"start":{"line":128,"column":0},"end":{"line":128,"column":23}},"128":{"start":{"line":129,"column":0},"end":{"line":129,"column":28}},"129":{"start":{"line":130,"column":0},"end":{"line":130,"column":31}},"130":{"start":{"line":131,"column":0},"end":{"line":131,"column":27}},"131":{"start":{"line":132,"column":0},"end":{"line":132,"column":24}},"132":{"start":{"line":133,"column":0},"end":{"line":133,"column":20}},"133":{"start":{"line":134,"column":0},"end":{"line":134,"column":81}},"134":{"start":{"line":135,"column":0},"end":{"line":135,"column":85}},"135":{"start":{"line":136,"column":0},"end":{"line":136,"column":80}},"136":{"start":{"line":137,"column":0},"end":{"line":137,"column":92}},"137":{"start":{"line":138,"column":0},"end":{"line":138,"column":19}},"138":{"start":{"line":139,"column":0},"end":{"line":139,"column":5}},"139":{"start":{"line":140,"column":0},"end":{"line":140,"column":13}},"140":{"start":{"line":141,"column":0},"end":{"line":141,"column":38}},"141":{"start":{"line":142,"column":0},"end":{"line":142,"column":19}},"142":{"start":{"line":143,"column":0},"end":{"line":143,"column":22}},"143":{"start":{"line":144,"column":0},"end":{"line":144,"column":25}},"144":{"start":{"line":145,"column":0},"end":{"line":145,"column":31}},"145":{"start":{"line":146,"column":0},"end":{"line":146,"column":32}},"146":{"start":{"line":147,"column":0},"end":{"line":147,"column":4}},"147":{"start":{"line":148,"column":0},"end":{"line":148,"column":3}},"148":{"start":{"line":149,"column":0},"end":{"line":149,"column":0}},"149":{"start":{"line":150,"column":0},"end":{"line":150,"column":30}},"150":{"start":{"line":151,"column":0},"end":{"line":151,"column":15}},"151":{"start":{"line":152,"column":0},"end":{"line":152,"column":28}},"152":{"start":{"line":153,"column":0},"end":{"line":153,"column":18}},"153":{"start":{"line":154,"column":0},"end":{"line":154,"column":19}},"154":{"start":{"line":155,"column":0},"end":{"line":155,"column":49}},"155":{"start":{"line":156,"column":0},"end":{"line":156,"column":24}},"156":{"start":{"line":157,"column":0},"end":{"line":157,"column":28}},"157":{"start":{"line":158,"column":0},"end":{"line":158,"column":43}},"158":{"start":{"line":159,"column":0},"end":{"line":159,"column":5}},"159":{"start":{"line":160,"column":0},"end":{"line":160,"column":76}},"160":{"start":{"line":161,"column":0},"end":{"line":161,"column":8}},"161":{"start":{"line":162,"column":0},"end":{"line":162,"column":2}},"162":{"start":{"line":163,"column":0},"end":{"line":163,"column":0}},"163":{"start":{"line":164,"column":0},"end":{"line":164,"column":65}},"164":{"start":{"line":165,"column":0},"end":{"line":165,"column":59}},"165":{"start":{"line":166,"column":0},"end":{"line":166,"column":18}},"166":{"start":{"line":167,"column":0},"end":{"line":167,"column":27}},"167":{"start":{"line":168,"column":0},"end":{"line":168,"column":23}},"168":{"start":{"line":169,"column":0},"end":{"line":169,"column":17}},"169":{"start":{"line":170,"column":0},"end":{"line":170,"column":36}},"170":{"start":{"line":171,"column":0},"end":{"line":171,"column":25}},"171":{"start":{"line":172,"column":0},"end":{"line":172,"column":16}},"172":{"start":{"line":173,"column":0},"end":{"line":173,"column":10}},"173":{"start":{"line":174,"column":0},"end":{"line":174,"column":17}},"174":{"start":{"line":175,"column":0},"end":{"line":175,"column":19}},"175":{"start":{"line":176,"column":0},"end":{"line":176,"column":48}},"176":{"start":{"line":177,"column":0},"end":{"line":177,"column":31}},"177":{"start":{"line":178,"column":0},"end":{"line":178,"column":14}},"178":{"start":{"line":179,"column":0},"end":{"line":179,"column":22}},"179":{"start":{"line":180,"column":0},"end":{"line":180,"column":53}},"180":{"start":{"line":181,"column":0},"end":{"line":181,"column":31}},"181":{"start":{"line":182,"column":0},"end":{"line":182,"column":49}},"182":{"start":{"line":183,"column":0},"end":{"line":183,"column":27}},"183":{"start":{"line":184,"column":0},"end":{"line":184,"column":47}},"184":{"start":{"line":185,"column":0},"end":{"line":185,"column":27}},"185":{"start":{"line":186,"column":0},"end":{"line":186,"column":36}},"186":{"start":{"line":187,"column":0},"end":{"line":187,"column":8}},"187":{"start":{"line":188,"column":0},"end":{"line":188,"column":6}},"188":{"start":{"line":189,"column":0},"end":{"line":189,"column":8}},"189":{"start":{"line":190,"column":0},"end":{"line":190,"column":2}},"190":{"start":{"line":191,"column":0},"end":{"line":191,"column":0}},"191":{"start":{"line":192,"column":0},"end":{"line":192,"column":29}},"192":{"start":{"line":193,"column":0},"end":{"line":193,"column":41}},"193":{"start":{"line":194,"column":0},"end":{"line":194,"column":47}},"194":{"start":{"line":195,"column":0},"end":{"line":195,"column":41}},"195":{"start":{"line":196,"column":0},"end":{"line":196,"column":48}},"196":{"start":{"line":197,"column":0},"end":{"line":197,"column":46}},"197":{"start":{"line":198,"column":0},"end":{"line":198,"column":2}},"198":{"start":{"line":199,"column":0},"end":{"line":199,"column":51}},"199":{"start":{"line":200,"column":0},"end":{"line":200,"column":41}},"200":{"start":{"line":201,"column":0},"end":{"line":201,"column":0}},"201":{"start":{"line":202,"column":0},"end":{"line":202,"column":33}},"202":{"start":{"line":203,"column":0},"end":{"line":203,"column":23}},"203":{"start":{"line":204,"column":0},"end":{"line":204,"column":17}},"204":{"start":{"line":205,"column":0},"end":{"line":205,"column":21}},"205":{"start":{"line":206,"column":0},"end":{"line":206,"column":9}},"206":{"start":{"line":207,"column":0},"end":{"line":207,"column":34}},"207":{"start":{"line":208,"column":0},"end":{"line":208,"column":37}},"208":{"start":{"line":209,"column":0},"end":{"line":209,"column":40}},"209":{"start":{"line":210,"column":0},"end":{"line":210,"column":54}},"210":{"start":{"line":211,"column":0},"end":{"line":211,"column":42}},"211":{"start":{"line":212,"column":0},"end":{"line":212,"column":26}},"212":{"start":{"line":213,"column":0},"end":{"line":213,"column":21}},"213":{"start":{"line":214,"column":0},"end":{"line":214,"column":19}},"214":{"start":{"line":215,"column":0},"end":{"line":215,"column":25}},"215":{"start":{"line":216,"column":0},"end":{"line":216,"column":77}},"216":{"start":{"line":217,"column":0},"end":{"line":217,"column":15}},"217":{"start":{"line":218,"column":0},"end":{"line":218,"column":24}},"218":{"start":{"line":219,"column":0},"end":{"line":219,"column":5}},"219":{"start":{"line":220,"column":0},"end":{"line":220,"column":3}},"220":{"start":{"line":221,"column":0},"end":{"line":221,"column":0}},"221":{"start":{"line":222,"column":0},"end":{"line":222,"column":10}},"222":{"start":{"line":223,"column":0},"end":{"line":223,"column":29}},"223":{"start":{"line":224,"column":0},"end":{"line":224,"column":19}},"224":{"start":{"line":225,"column":0},"end":{"line":225,"column":29}},"225":{"start":{"line":226,"column":0},"end":{"line":226,"column":20}},"226":{"start":{"line":227,"column":0},"end":{"line":227,"column":22}},"227":{"start":{"line":228,"column":0},"end":{"line":228,"column":19}},"228":{"start":{"line":229,"column":0},"end":{"line":229,"column":9}},"229":{"start":{"line":230,"column":0},"end":{"line":230,"column":15}},"230":{"start":{"line":231,"column":0},"end":{"line":231,"column":44}},"231":{"start":{"line":232,"column":0},"end":{"line":232,"column":18}},"232":{"start":{"line":233,"column":0},"end":{"line":233,"column":40}},"233":{"start":{"line":234,"column":0},"end":{"line":234,"column":51}},"234":{"start":{"line":235,"column":0},"end":{"line":235,"column":41}},"235":{"start":{"line":236,"column":0},"end":{"line":236,"column":12}},"236":{"start":{"line":237,"column":0},"end":{"line":237,"column":9}},"237":{"start":{"line":238,"column":0},"end":{"line":238,"column":32}},"238":{"start":{"line":239,"column":0},"end":{"line":239,"column":17}},"239":{"start":{"line":240,"column":0},"end":{"line":240,"column":12}},"240":{"start":{"line":241,"column":0},"end":{"line":241,"column":6}},"241":{"start":{"line":242,"column":0},"end":{"line":242,"column":19}},"242":{"start":{"line":243,"column":0},"end":{"line":243,"column":24}},"243":{"start":{"line":244,"column":0},"end":{"line":244,"column":29}},"244":{"start":{"line":245,"column":0},"end":{"line":245,"column":33}},"245":{"start":{"line":246,"column":0},"end":{"line":246,"column":27}},"246":{"start":{"line":247,"column":0},"end":{"line":247,"column":24}},"247":{"start":{"line":248,"column":0},"end":{"line":248,"column":9}},"248":{"start":{"line":249,"column":0},"end":{"line":249,"column":21}},"249":{"start":{"line":250,"column":0},"end":{"line":250,"column":24}},"250":{"start":{"line":251,"column":0},"end":{"line":251,"column":28}},"251":{"start":{"line":252,"column":0},"end":{"line":252,"column":25}},"252":{"start":{"line":253,"column":0},"end":{"line":253,"column":37}},"253":{"start":{"line":254,"column":0},"end":{"line":254,"column":11}},"254":{"start":{"line":255,"column":0},"end":{"line":255,"column":69}},"255":{"start":{"line":256,"column":0},"end":{"line":256,"column":25}},"256":{"start":{"line":257,"column":0},"end":{"line":257,"column":31}},"257":{"start":{"line":258,"column":0},"end":{"line":258,"column":35}},"258":{"start":{"line":259,"column":0},"end":{"line":259,"column":23}},"259":{"start":{"line":260,"column":0},"end":{"line":260,"column":24}},"260":{"start":{"line":261,"column":0},"end":{"line":261,"column":34}},"261":{"start":{"line":262,"column":0},"end":{"line":262,"column":30}},"262":{"start":{"line":263,"column":0},"end":{"line":263,"column":37}},"263":{"start":{"line":264,"column":0},"end":{"line":264,"column":48}},"264":{"start":{"line":265,"column":0},"end":{"line":265,"column":43}},"265":{"start":{"line":266,"column":0},"end":{"line":266,"column":49}},"266":{"start":{"line":267,"column":0},"end":{"line":267,"column":37}},"267":{"start":{"line":268,"column":0},"end":{"line":268,"column":42}},"268":{"start":{"line":269,"column":0},"end":{"line":269,"column":23}},"269":{"start":{"line":270,"column":0},"end":{"line":270,"column":38}},"270":{"start":{"line":271,"column":0},"end":{"line":271,"column":34}},"271":{"start":{"line":272,"column":0},"end":{"line":272,"column":15}},"272":{"start":{"line":273,"column":0},"end":{"line":273,"column":56}},"273":{"start":{"line":274,"column":0},"end":{"line":274,"column":16}},"274":{"start":{"line":275,"column":0},"end":{"line":275,"column":16}},"275":{"start":{"line":276,"column":0},"end":{"line":276,"column":0}},"276":{"start":{"line":277,"column":0},"end":{"line":277,"column":21}},"277":{"start":{"line":278,"column":0},"end":{"line":278,"column":25}},"278":{"start":{"line":279,"column":0},"end":{"line":279,"column":37}},"279":{"start":{"line":280,"column":0},"end":{"line":280,"column":38}},"280":{"start":{"line":281,"column":0},"end":{"line":281,"column":37}},"281":{"start":{"line":282,"column":0},"end":{"line":282,"column":40}},"282":{"start":{"line":283,"column":0},"end":{"line":283,"column":29}},"283":{"start":{"line":284,"column":0},"end":{"line":284,"column":33}},"284":{"start":{"line":285,"column":0},"end":{"line":285,"column":30}},"285":{"start":{"line":286,"column":0},"end":{"line":286,"column":35}},"286":{"start":{"line":287,"column":0},"end":{"line":287,"column":28}},"287":{"start":{"line":288,"column":0},"end":{"line":288,"column":15}},"288":{"start":{"line":289,"column":0},"end":{"line":289,"column":29}},"289":{"start":{"line":290,"column":0},"end":{"line":290,"column":34}},"290":{"start":{"line":291,"column":0},"end":{"line":291,"column":18}},"291":{"start":{"line":292,"column":0},"end":{"line":292,"column":12}},"292":{"start":{"line":293,"column":0},"end":{"line":293,"column":0}},"293":{"start":{"line":294,"column":0},"end":{"line":294,"column":39}},"294":{"start":{"line":295,"column":0},"end":{"line":295,"column":50}},"295":{"start":{"line":296,"column":0},"end":{"line":296,"column":47}},"296":{"start":{"line":297,"column":0},"end":{"line":297,"column":35}},"297":{"start":{"line":298,"column":0},"end":{"line":298,"column":39}},"298":{"start":{"line":299,"column":0},"end":{"line":299,"column":34}},"299":{"start":{"line":300,"column":0},"end":{"line":300,"column":39}},"300":{"start":{"line":301,"column":0},"end":{"line":301,"column":35}},"301":{"start":{"line":302,"column":0},"end":{"line":302,"column":17}},"302":{"start":{"line":303,"column":0},"end":{"line":303,"column":29}},"303":{"start":{"line":304,"column":0},"end":{"line":304,"column":22}},"304":{"start":{"line":305,"column":0},"end":{"line":305,"column":22}},"305":{"start":{"line":306,"column":0},"end":{"line":306,"column":28}},"306":{"start":{"line":307,"column":0},"end":{"line":307,"column":30}},"307":{"start":{"line":308,"column":0},"end":{"line":308,"column":31}},"308":{"start":{"line":309,"column":0},"end":{"line":309,"column":60}},"309":{"start":{"line":310,"column":0},"end":{"line":310,"column":24}},"310":{"start":{"line":311,"column":0},"end":{"line":311,"column":34}},"311":{"start":{"line":312,"column":0},"end":{"line":312,"column":36}},"312":{"start":{"line":313,"column":0},"end":{"line":313,"column":45}},"313":{"start":{"line":314,"column":0},"end":{"line":314,"column":16}},"314":{"start":{"line":315,"column":0},"end":{"line":315,"column":18}},"315":{"start":{"line":316,"column":0},"end":{"line":316,"column":0}},"316":{"start":{"line":317,"column":0},"end":{"line":317,"column":52}},"317":{"start":{"line":318,"column":0},"end":{"line":318,"column":50}},"318":{"start":{"line":319,"column":0},"end":{"line":319,"column":35}},"319":{"start":{"line":320,"column":0},"end":{"line":320,"column":39}},"320":{"start":{"line":321,"column":0},"end":{"line":321,"column":34}},"321":{"start":{"line":322,"column":0},"end":{"line":322,"column":39}},"322":{"start":{"line":323,"column":0},"end":{"line":323,"column":35}},"323":{"start":{"line":324,"column":0},"end":{"line":324,"column":17}},"324":{"start":{"line":325,"column":0},"end":{"line":325,"column":24}},"325":{"start":{"line":326,"column":0},"end":{"line":326,"column":22}},"326":{"start":{"line":327,"column":0},"end":{"line":327,"column":22}},"327":{"start":{"line":328,"column":0},"end":{"line":328,"column":31}},"328":{"start":{"line":329,"column":0},"end":{"line":329,"column":33}},"329":{"start":{"line":330,"column":0},"end":{"line":330,"column":34}},"330":{"start":{"line":331,"column":0},"end":{"line":331,"column":63}},"331":{"start":{"line":332,"column":0},"end":{"line":332,"column":24}},"332":{"start":{"line":333,"column":0},"end":{"line":333,"column":34}},"333":{"start":{"line":334,"column":0},"end":{"line":334,"column":36}},"334":{"start":{"line":335,"column":0},"end":{"line":335,"column":38}},"335":{"start":{"line":336,"column":0},"end":{"line":336,"column":16}},"336":{"start":{"line":337,"column":0},"end":{"line":337,"column":18}},"337":{"start":{"line":338,"column":0},"end":{"line":338,"column":0}},"338":{"start":{"line":339,"column":0},"end":{"line":339,"column":19}},"339":{"start":{"line":340,"column":0},"end":{"line":340,"column":27}},"340":{"start":{"line":341,"column":0},"end":{"line":341,"column":32}},"341":{"start":{"line":342,"column":0},"end":{"line":342,"column":22}},"342":{"start":{"line":343,"column":0},"end":{"line":343,"column":44}},"343":{"start":{"line":344,"column":0},"end":{"line":344,"column":30}},"344":{"start":{"line":345,"column":0},"end":{"line":345,"column":41}},"345":{"start":{"line":346,"column":0},"end":{"line":346,"column":43}},"346":{"start":{"line":347,"column":0},"end":{"line":347,"column":16}},"347":{"start":{"line":348,"column":0},"end":{"line":348,"column":13}},"348":{"start":{"line":349,"column":0},"end":{"line":349,"column":56}},"349":{"start":{"line":350,"column":0},"end":{"line":350,"column":21}},"350":{"start":{"line":351,"column":0},"end":{"line":351,"column":17}},"351":{"start":{"line":352,"column":0},"end":{"line":352,"column":14}},"352":{"start":{"line":353,"column":0},"end":{"line":353,"column":12}},"353":{"start":{"line":354,"column":0},"end":{"line":354,"column":10}},"354":{"start":{"line":355,"column":0},"end":{"line":355,"column":4}},"355":{"start":{"line":356,"column":0},"end":{"line":356,"column":1}},"356":{"start":{"line":357,"column":0},"end":{"line":357,"column":0}},"357":{"start":{"line":358,"column":0},"end":{"line":358,"column":47}},"358":{"start":{"line":359,"column":0},"end":{"line":359,"column":44}},"359":{"start":{"line":360,"column":0},"end":{"line":360,"column":13}},"360":{"start":{"line":361,"column":0},"end":{"line":361,"column":16}},"361":{"start":{"line":362,"column":0},"end":{"line":362,"column":14}},"362":{"start":{"line":363,"column":0},"end":{"line":363,"column":12}},"363":{"start":{"line":364,"column":0},"end":{"line":364,"column":27}},"364":{"start":{"line":365,"column":0},"end":{"line":365,"column":29}},"365":{"start":{"line":366,"column":0},"end":{"line":366,"column":18}},"366":{"start":{"line":367,"column":0},"end":{"line":367,"column":5}},"367":{"start":{"line":368,"column":0},"end":{"line":368,"column":48}},"368":{"start":{"line":369,"column":0},"end":{"line":369,"column":41}},"369":{"start":{"line":370,"column":0},"end":{"line":370,"column":45}},"370":{"start":{"line":371,"column":0},"end":{"line":371,"column":0}},"371":{"start":{"line":372,"column":0},"end":{"line":372,"column":31}},"372":{"start":{"line":373,"column":0},"end":{"line":373,"column":37}},"373":{"start":{"line":374,"column":0},"end":{"line":374,"column":54}},"374":{"start":{"line":375,"column":0},"end":{"line":375,"column":4}},"375":{"start":{"line":376,"column":0},"end":{"line":376,"column":0}},"376":{"start":{"line":377,"column":0},"end":{"line":377,"column":37}},"377":{"start":{"line":378,"column":0},"end":{"line":378,"column":23}},"378":{"start":{"line":379,"column":0},"end":{"line":379,"column":17}},"379":{"start":{"line":380,"column":0},"end":{"line":380,"column":19}},"380":{"start":{"line":381,"column":0},"end":{"line":381,"column":21}},"381":{"start":{"line":382,"column":0},"end":{"line":382,"column":0}},"382":{"start":{"line":383,"column":0},"end":{"line":383,"column":9}},"383":{"start":{"line":384,"column":0},"end":{"line":384,"column":83}},"384":{"start":{"line":385,"column":0},"end":{"line":385,"column":45}},"385":{"start":{"line":386,"column":0},"end":{"line":386,"column":32}},"386":{"start":{"line":387,"column":0},"end":{"line":387,"column":20}},"387":{"start":{"line":388,"column":0},"end":{"line":388,"column":18}},"388":{"start":{"line":389,"column":0},"end":{"line":389,"column":25}},"389":{"start":{"line":390,"column":0},"end":{"line":390,"column":9}},"390":{"start":{"line":391,"column":0},"end":{"line":391,"column":0}},"391":{"start":{"line":392,"column":0},"end":{"line":392,"column":67}},"392":{"start":{"line":393,"column":0},"end":{"line":393,"column":19}},"393":{"start":{"line":394,"column":0},"end":{"line":394,"column":19}},"394":{"start":{"line":395,"column":0},"end":{"line":395,"column":17}},"395":{"start":{"line":396,"column":0},"end":{"line":396,"column":20}},"396":{"start":{"line":397,"column":0},"end":{"line":397,"column":18}},"397":{"start":{"line":398,"column":0},"end":{"line":398,"column":16}},"398":{"start":{"line":399,"column":0},"end":{"line":399,"column":31}},"399":{"start":{"line":400,"column":0},"end":{"line":400,"column":33}},"400":{"start":{"line":401,"column":0},"end":{"line":401,"column":22}},"401":{"start":{"line":402,"column":0},"end":{"line":402,"column":9}},"402":{"start":{"line":403,"column":0},"end":{"line":403,"column":19}},"403":{"start":{"line":404,"column":0},"end":{"line":404,"column":50}},"404":{"start":{"line":405,"column":0},"end":{"line":405,"column":39}},"405":{"start":{"line":406,"column":0},"end":{"line":406,"column":35}},"406":{"start":{"line":407,"column":0},"end":{"line":407,"column":54}},"407":{"start":{"line":408,"column":0},"end":{"line":408,"column":102}},"408":{"start":{"line":409,"column":0},"end":{"line":409,"column":34}},"409":{"start":{"line":410,"column":0},"end":{"line":410,"column":16}},"410":{"start":{"line":411,"column":0},"end":{"line":411,"column":45}},"411":{"start":{"line":412,"column":0},"end":{"line":412,"column":9}},"412":{"start":{"line":413,"column":0},"end":{"line":413,"column":14}},"413":{"start":{"line":414,"column":0},"end":{"line":414,"column":70}},"414":{"start":{"line":415,"column":0},"end":{"line":415,"column":7}},"415":{"start":{"line":416,"column":0},"end":{"line":416,"column":15}},"416":{"start":{"line":417,"column":0},"end":{"line":417,"column":24}},"417":{"start":{"line":418,"column":0},"end":{"line":418,"column":5}},"418":{"start":{"line":419,"column":0},"end":{"line":419,"column":4}},"419":{"start":{"line":420,"column":0},"end":{"line":420,"column":0}},"420":{"start":{"line":421,"column":0},"end":{"line":421,"column":10}},"421":{"start":{"line":422,"column":0},"end":{"line":422,"column":32}},"422":{"start":{"line":423,"column":0},"end":{"line":423,"column":44}},"423":{"start":{"line":424,"column":0},"end":{"line":424,"column":20}},"424":{"start":{"line":425,"column":0},"end":{"line":425,"column":27}},"425":{"start":{"line":426,"column":0},"end":{"line":426,"column":26}},"426":{"start":{"line":427,"column":0},"end":{"line":427,"column":33}},"427":{"start":{"line":428,"column":0},"end":{"line":428,"column":37}},"428":{"start":{"line":429,"column":0},"end":{"line":429,"column":68}},"429":{"start":{"line":430,"column":0},"end":{"line":430,"column":47}},"430":{"start":{"line":431,"column":0},"end":{"line":431,"column":12}},"431":{"start":{"line":432,"column":0},"end":{"line":432,"column":12}},"432":{"start":{"line":433,"column":0},"end":{"line":433,"column":0}},"433":{"start":{"line":434,"column":0},"end":{"line":434,"column":17}},"434":{"start":{"line":435,"column":0},"end":{"line":435,"column":21}},"435":{"start":{"line":436,"column":0},"end":{"line":436,"column":33}},"436":{"start":{"line":437,"column":0},"end":{"line":437,"column":26}},"437":{"start":{"line":438,"column":0},"end":{"line":438,"column":33}},"438":{"start":{"line":439,"column":0},"end":{"line":439,"column":36}},"439":{"start":{"line":440,"column":0},"end":{"line":440,"column":25}},"440":{"start":{"line":441,"column":0},"end":{"line":441,"column":26}},"441":{"start":{"line":442,"column":0},"end":{"line":442,"column":31}},"442":{"start":{"line":443,"column":0},"end":{"line":443,"column":24}},"443":{"start":{"line":444,"column":0},"end":{"line":444,"column":11}},"444":{"start":{"line":445,"column":0},"end":{"line":445,"column":25}},"445":{"start":{"line":446,"column":0},"end":{"line":446,"column":30}},"446":{"start":{"line":447,"column":0},"end":{"line":447,"column":14}},"447":{"start":{"line":448,"column":0},"end":{"line":448,"column":8}},"448":{"start":{"line":449,"column":0},"end":{"line":449,"column":0}},"449":{"start":{"line":450,"column":0},"end":{"line":450,"column":19}},"450":{"start":{"line":451,"column":0},"end":{"line":451,"column":21}},"451":{"start":{"line":452,"column":0},"end":{"line":452,"column":33}},"452":{"start":{"line":453,"column":0},"end":{"line":453,"column":26}},"453":{"start":{"line":454,"column":0},"end":{"line":454,"column":33}},"454":{"start":{"line":455,"column":0},"end":{"line":455,"column":37}},"455":{"start":{"line":456,"column":0},"end":{"line":456,"column":25}},"456":{"start":{"line":457,"column":0},"end":{"line":457,"column":26}},"457":{"start":{"line":458,"column":0},"end":{"line":458,"column":31}},"458":{"start":{"line":459,"column":0},"end":{"line":459,"column":24}},"459":{"start":{"line":460,"column":0},"end":{"line":460,"column":11}},"460":{"start":{"line":461,"column":0},"end":{"line":461,"column":24}},"461":{"start":{"line":462,"column":0},"end":{"line":462,"column":32}},"462":{"start":{"line":463,"column":0},"end":{"line":463,"column":14}},"463":{"start":{"line":464,"column":0},"end":{"line":464,"column":8}},"464":{"start":{"line":465,"column":0},"end":{"line":465,"column":0}},"465":{"start":{"line":466,"column":0},"end":{"line":466,"column":31}},"466":{"start":{"line":467,"column":0},"end":{"line":467,"column":38}},"467":{"start":{"line":468,"column":0},"end":{"line":468,"column":23}},"468":{"start":{"line":469,"column":0},"end":{"line":469,"column":28}},"469":{"start":{"line":470,"column":0},"end":{"line":470,"column":72}},"470":{"start":{"line":471,"column":0},"end":{"line":471,"column":26}},"471":{"start":{"line":472,"column":0},"end":{"line":472,"column":13}},"472":{"start":{"line":473,"column":0},"end":{"line":473,"column":35}},"473":{"start":{"line":474,"column":0},"end":{"line":474,"column":17}},"474":{"start":{"line":475,"column":0},"end":{"line":475,"column":29}},"475":{"start":{"line":476,"column":0},"end":{"line":476,"column":33}},"476":{"start":{"line":477,"column":0},"end":{"line":477,"column":37}},"477":{"start":{"line":478,"column":0},"end":{"line":478,"column":32}},"478":{"start":{"line":479,"column":0},"end":{"line":479,"column":39}},"479":{"start":{"line":480,"column":0},"end":{"line":480,"column":35}},"480":{"start":{"line":481,"column":0},"end":{"line":481,"column":17}},"481":{"start":{"line":482,"column":0},"end":{"line":482,"column":68}},"482":{"start":{"line":483,"column":0},"end":{"line":483,"column":22}},"483":{"start":{"line":484,"column":0},"end":{"line":484,"column":20}},"484":{"start":{"line":485,"column":0},"end":{"line":485,"column":27}},"485":{"start":{"line":486,"column":0},"end":{"line":486,"column":27}},"486":{"start":{"line":487,"column":0},"end":{"line":487,"column":37}},"487":{"start":{"line":488,"column":0},"end":{"line":488,"column":39}},"488":{"start":{"line":489,"column":0},"end":{"line":489,"column":24}},"489":{"start":{"line":490,"column":0},"end":{"line":490,"column":31}},"490":{"start":{"line":491,"column":0},"end":{"line":491,"column":49}},"491":{"start":{"line":492,"column":0},"end":{"line":492,"column":24}},"492":{"start":{"line":493,"column":0},"end":{"line":493,"column":32}},"493":{"start":{"line":494,"column":0},"end":{"line":494,"column":37}},"494":{"start":{"line":495,"column":0},"end":{"line":495,"column":41}},"495":{"start":{"line":496,"column":0},"end":{"line":496,"column":59}},"496":{"start":{"line":497,"column":0},"end":{"line":497,"column":48}},"497":{"start":{"line":498,"column":0},"end":{"line":498,"column":37}},"498":{"start":{"line":499,"column":0},"end":{"line":499,"column":38}},"499":{"start":{"line":500,"column":0},"end":{"line":500,"column":34}},"500":{"start":{"line":501,"column":0},"end":{"line":501,"column":18}},"501":{"start":{"line":502,"column":0},"end":{"line":502,"column":16}},"502":{"start":{"line":503,"column":0},"end":{"line":503,"column":18}},"503":{"start":{"line":504,"column":0},"end":{"line":504,"column":0}},"504":{"start":{"line":505,"column":0},"end":{"line":505,"column":38}},"505":{"start":{"line":506,"column":0},"end":{"line":506,"column":17}},"506":{"start":{"line":507,"column":0},"end":{"line":507,"column":29}},"507":{"start":{"line":508,"column":0},"end":{"line":508,"column":33}},"508":{"start":{"line":509,"column":0},"end":{"line":509,"column":37}},"509":{"start":{"line":510,"column":0},"end":{"line":510,"column":32}},"510":{"start":{"line":511,"column":0},"end":{"line":511,"column":39}},"511":{"start":{"line":512,"column":0},"end":{"line":512,"column":35}},"512":{"start":{"line":513,"column":0},"end":{"line":513,"column":17}},"513":{"start":{"line":514,"column":0},"end":{"line":514,"column":71}},"514":{"start":{"line":515,"column":0},"end":{"line":515,"column":22}},"515":{"start":{"line":516,"column":0},"end":{"line":516,"column":21}},"516":{"start":{"line":517,"column":0},"end":{"line":517,"column":30}},"517":{"start":{"line":518,"column":0},"end":{"line":518,"column":40}},"518":{"start":{"line":519,"column":0},"end":{"line":519,"column":39}},"519":{"start":{"line":520,"column":0},"end":{"line":520,"column":24}},"520":{"start":{"line":521,"column":0},"end":{"line":521,"column":24}},"521":{"start":{"line":522,"column":0},"end":{"line":522,"column":32}},"522":{"start":{"line":523,"column":0},"end":{"line":523,"column":37}},"523":{"start":{"line":524,"column":0},"end":{"line":524,"column":41}},"524":{"start":{"line":525,"column":0},"end":{"line":525,"column":59}},"525":{"start":{"line":526,"column":0},"end":{"line":526,"column":48}},"526":{"start":{"line":527,"column":0},"end":{"line":527,"column":37}},"527":{"start":{"line":528,"column":0},"end":{"line":528,"column":38}},"528":{"start":{"line":529,"column":0},"end":{"line":529,"column":34}},"529":{"start":{"line":530,"column":0},"end":{"line":530,"column":18}},"530":{"start":{"line":531,"column":0},"end":{"line":531,"column":15}},"531":{"start":{"line":532,"column":0},"end":{"line":532,"column":56}},"532":{"start":{"line":533,"column":0},"end":{"line":533,"column":48}},"533":{"start":{"line":534,"column":0},"end":{"line":534,"column":48}},"534":{"start":{"line":535,"column":0},"end":{"line":535,"column":50}},"535":{"start":{"line":536,"column":0},"end":{"line":536,"column":54}},"536":{"start":{"line":537,"column":0},"end":{"line":537,"column":52}},"537":{"start":{"line":538,"column":0},"end":{"line":538,"column":23}},"538":{"start":{"line":539,"column":0},"end":{"line":539,"column":18}},"539":{"start":{"line":540,"column":0},"end":{"line":540,"column":0}},"540":{"start":{"line":541,"column":0},"end":{"line":541,"column":25}},"541":{"start":{"line":542,"column":0},"end":{"line":542,"column":17}},"542":{"start":{"line":543,"column":0},"end":{"line":543,"column":29}},"543":{"start":{"line":544,"column":0},"end":{"line":544,"column":33}},"544":{"start":{"line":545,"column":0},"end":{"line":545,"column":37}},"545":{"start":{"line":546,"column":0},"end":{"line":546,"column":32}},"546":{"start":{"line":547,"column":0},"end":{"line":547,"column":39}},"547":{"start":{"line":548,"column":0},"end":{"line":548,"column":35}},"548":{"start":{"line":549,"column":0},"end":{"line":549,"column":17}},"549":{"start":{"line":550,"column":0},"end":{"line":550,"column":21}},"550":{"start":{"line":551,"column":0},"end":{"line":551,"column":22}},"551":{"start":{"line":552,"column":0},"end":{"line":552,"column":20}},"552":{"start":{"line":553,"column":0},"end":{"line":553,"column":27}},"553":{"start":{"line":554,"column":0},"end":{"line":554,"column":28}},"554":{"start":{"line":555,"column":0},"end":{"line":555,"column":38}},"555":{"start":{"line":556,"column":0},"end":{"line":556,"column":39}},"556":{"start":{"line":557,"column":0},"end":{"line":557,"column":31}},"557":{"start":{"line":558,"column":0},"end":{"line":558,"column":48}},"558":{"start":{"line":559,"column":0},"end":{"line":559,"column":24}},"559":{"start":{"line":560,"column":0},"end":{"line":560,"column":32}},"560":{"start":{"line":561,"column":0},"end":{"line":561,"column":37}},"561":{"start":{"line":562,"column":0},"end":{"line":562,"column":41}},"562":{"start":{"line":563,"column":0},"end":{"line":563,"column":59}},"563":{"start":{"line":564,"column":0},"end":{"line":564,"column":48}},"564":{"start":{"line":565,"column":0},"end":{"line":565,"column":37}},"565":{"start":{"line":566,"column":0},"end":{"line":566,"column":38}},"566":{"start":{"line":567,"column":0},"end":{"line":567,"column":34}},"567":{"start":{"line":568,"column":0},"end":{"line":568,"column":18}},"568":{"start":{"line":569,"column":0},"end":{"line":569,"column":16}},"569":{"start":{"line":570,"column":0},"end":{"line":570,"column":18}},"570":{"start":{"line":571,"column":0},"end":{"line":571,"column":0}},"571":{"start":{"line":572,"column":0},"end":{"line":572,"column":23}},"572":{"start":{"line":573,"column":0},"end":{"line":573,"column":17}},"573":{"start":{"line":574,"column":0},"end":{"line":574,"column":29}},"574":{"start":{"line":575,"column":0},"end":{"line":575,"column":33}},"575":{"start":{"line":576,"column":0},"end":{"line":576,"column":37}},"576":{"start":{"line":577,"column":0},"end":{"line":577,"column":32}},"577":{"start":{"line":578,"column":0},"end":{"line":578,"column":39}},"578":{"start":{"line":579,"column":0},"end":{"line":579,"column":35}},"579":{"start":{"line":580,"column":0},"end":{"line":580,"column":17}},"580":{"start":{"line":581,"column":0},"end":{"line":581,"column":19}},"581":{"start":{"line":582,"column":0},"end":{"line":582,"column":22}},"582":{"start":{"line":583,"column":0},"end":{"line":583,"column":21}},"583":{"start":{"line":584,"column":0},"end":{"line":584,"column":26}},"584":{"start":{"line":585,"column":0},"end":{"line":585,"column":36}},"585":{"start":{"line":586,"column":0},"end":{"line":586,"column":39}},"586":{"start":{"line":587,"column":0},"end":{"line":587,"column":24}},"587":{"start":{"line":588,"column":0},"end":{"line":588,"column":32}},"588":{"start":{"line":589,"column":0},"end":{"line":589,"column":37}},"589":{"start":{"line":590,"column":0},"end":{"line":590,"column":41}},"590":{"start":{"line":591,"column":0},"end":{"line":591,"column":59}},"591":{"start":{"line":592,"column":0},"end":{"line":592,"column":48}},"592":{"start":{"line":593,"column":0},"end":{"line":593,"column":37}},"593":{"start":{"line":594,"column":0},"end":{"line":594,"column":38}},"594":{"start":{"line":595,"column":0},"end":{"line":595,"column":34}},"595":{"start":{"line":596,"column":0},"end":{"line":596,"column":18}},"596":{"start":{"line":597,"column":0},"end":{"line":597,"column":15}},"597":{"start":{"line":598,"column":0},"end":{"line":598,"column":52}},"598":{"start":{"line":599,"column":0},"end":{"line":599,"column":50}},"599":{"start":{"line":600,"column":0},"end":{"line":600,"column":54}},"600":{"start":{"line":601,"column":0},"end":{"line":601,"column":56}},"601":{"start":{"line":602,"column":0},"end":{"line":602,"column":23}},"602":{"start":{"line":603,"column":0},"end":{"line":603,"column":18}},"603":{"start":{"line":604,"column":0},"end":{"line":604,"column":16}},"604":{"start":{"line":605,"column":0},"end":{"line":605,"column":0}},"605":{"start":{"line":606,"column":0},"end":{"line":606,"column":36}},"606":{"start":{"line":607,"column":0},"end":{"line":607,"column":47}},"607":{"start":{"line":608,"column":0},"end":{"line":608,"column":27}},"608":{"start":{"line":609,"column":0},"end":{"line":609,"column":31}},"609":{"start":{"line":610,"column":0},"end":{"line":610,"column":35}},"610":{"start":{"line":611,"column":0},"end":{"line":611,"column":30}},"611":{"start":{"line":612,"column":0},"end":{"line":612,"column":37}},"612":{"start":{"line":613,"column":0},"end":{"line":613,"column":33}},"613":{"start":{"line":614,"column":0},"end":{"line":614,"column":15}},"614":{"start":{"line":615,"column":0},"end":{"line":615,"column":32}},"615":{"start":{"line":616,"column":0},"end":{"line":616,"column":20}},"616":{"start":{"line":617,"column":0},"end":{"line":617,"column":21}},"617":{"start":{"line":618,"column":0},"end":{"line":618,"column":39}},"618":{"start":{"line":619,"column":0},"end":{"line":619,"column":49}},"619":{"start":{"line":620,"column":0},"end":{"line":620,"column":37}},"620":{"start":{"line":621,"column":0},"end":{"line":621,"column":30}},"621":{"start":{"line":622,"column":0},"end":{"line":622,"column":22}},"622":{"start":{"line":623,"column":0},"end":{"line":623,"column":72}},"623":{"start":{"line":624,"column":0},"end":{"line":624,"column":22}},"624":{"start":{"line":625,"column":0},"end":{"line":625,"column":30}},"625":{"start":{"line":626,"column":0},"end":{"line":626,"column":35}},"626":{"start":{"line":627,"column":0},"end":{"line":627,"column":39}},"627":{"start":{"line":628,"column":0},"end":{"line":628,"column":57}},"628":{"start":{"line":629,"column":0},"end":{"line":629,"column":46}},"629":{"start":{"line":630,"column":0},"end":{"line":630,"column":35}},"630":{"start":{"line":631,"column":0},"end":{"line":631,"column":36}},"631":{"start":{"line":632,"column":0},"end":{"line":632,"column":32}},"632":{"start":{"line":633,"column":0},"end":{"line":633,"column":38}},"633":{"start":{"line":634,"column":0},"end":{"line":634,"column":35}},"634":{"start":{"line":635,"column":0},"end":{"line":635,"column":16}},"635":{"start":{"line":636,"column":0},"end":{"line":636,"column":14}},"636":{"start":{"line":637,"column":0},"end":{"line":637,"column":25}},"637":{"start":{"line":638,"column":0},"end":{"line":638,"column":34}},"638":{"start":{"line":639,"column":0},"end":{"line":639,"column":38}},"639":{"start":{"line":640,"column":0},"end":{"line":640,"column":35}},"640":{"start":{"line":641,"column":0},"end":{"line":641,"column":33}},"641":{"start":{"line":642,"column":0},"end":{"line":642,"column":15}},"642":{"start":{"line":643,"column":0},"end":{"line":643,"column":55}},"643":{"start":{"line":644,"column":0},"end":{"line":644,"column":18}},"644":{"start":{"line":645,"column":0},"end":{"line":645,"column":16}},"645":{"start":{"line":646,"column":0},"end":{"line":646,"column":0}},"646":{"start":{"line":647,"column":0},"end":{"line":647,"column":32}},"647":{"start":{"line":648,"column":0},"end":{"line":648,"column":47}},"648":{"start":{"line":649,"column":0},"end":{"line":649,"column":27}},"649":{"start":{"line":650,"column":0},"end":{"line":650,"column":31}},"650":{"start":{"line":651,"column":0},"end":{"line":651,"column":35}},"651":{"start":{"line":652,"column":0},"end":{"line":652,"column":30}},"652":{"start":{"line":653,"column":0},"end":{"line":653,"column":37}},"653":{"start":{"line":654,"column":0},"end":{"line":654,"column":33}},"654":{"start":{"line":655,"column":0},"end":{"line":655,"column":15}},"655":{"start":{"line":656,"column":0},"end":{"line":656,"column":28}},"656":{"start":{"line":657,"column":0},"end":{"line":657,"column":20}},"657":{"start":{"line":658,"column":0},"end":{"line":658,"column":21}},"658":{"start":{"line":659,"column":0},"end":{"line":659,"column":41}},"659":{"start":{"line":660,"column":0},"end":{"line":660,"column":51}},"660":{"start":{"line":661,"column":0},"end":{"line":661,"column":37}},"661":{"start":{"line":662,"column":0},"end":{"line":662,"column":30}},"662":{"start":{"line":663,"column":0},"end":{"line":663,"column":22}},"663":{"start":{"line":664,"column":0},"end":{"line":664,"column":60}},"664":{"start":{"line":665,"column":0},"end":{"line":665,"column":22}},"665":{"start":{"line":666,"column":0},"end":{"line":666,"column":30}},"666":{"start":{"line":667,"column":0},"end":{"line":667,"column":35}},"667":{"start":{"line":668,"column":0},"end":{"line":668,"column":39}},"668":{"start":{"line":669,"column":0},"end":{"line":669,"column":57}},"669":{"start":{"line":670,"column":0},"end":{"line":670,"column":46}},"670":{"start":{"line":671,"column":0},"end":{"line":671,"column":35}},"671":{"start":{"line":672,"column":0},"end":{"line":672,"column":36}},"672":{"start":{"line":673,"column":0},"end":{"line":673,"column":32}},"673":{"start":{"line":674,"column":0},"end":{"line":674,"column":38}},"674":{"start":{"line":675,"column":0},"end":{"line":675,"column":35}},"675":{"start":{"line":676,"column":0},"end":{"line":676,"column":16}},"676":{"start":{"line":677,"column":0},"end":{"line":677,"column":14}},"677":{"start":{"line":678,"column":0},"end":{"line":678,"column":25}},"678":{"start":{"line":679,"column":0},"end":{"line":679,"column":34}},"679":{"start":{"line":680,"column":0},"end":{"line":680,"column":38}},"680":{"start":{"line":681,"column":0},"end":{"line":681,"column":35}},"681":{"start":{"line":682,"column":0},"end":{"line":682,"column":33}},"682":{"start":{"line":683,"column":0},"end":{"line":683,"column":15}},"683":{"start":{"line":684,"column":0},"end":{"line":684,"column":57}},"684":{"start":{"line":685,"column":0},"end":{"line":685,"column":18}},"685":{"start":{"line":686,"column":0},"end":{"line":686,"column":16}},"686":{"start":{"line":687,"column":0},"end":{"line":687,"column":0}},"687":{"start":{"line":688,"column":0},"end":{"line":688,"column":27}},"688":{"start":{"line":689,"column":0},"end":{"line":689,"column":47}},"689":{"start":{"line":690,"column":0},"end":{"line":690,"column":27}},"690":{"start":{"line":691,"column":0},"end":{"line":691,"column":31}},"691":{"start":{"line":692,"column":0},"end":{"line":692,"column":35}},"692":{"start":{"line":693,"column":0},"end":{"line":693,"column":30}},"693":{"start":{"line":694,"column":0},"end":{"line":694,"column":37}},"694":{"start":{"line":695,"column":0},"end":{"line":695,"column":33}},"695":{"start":{"line":696,"column":0},"end":{"line":696,"column":15}},"696":{"start":{"line":697,"column":0},"end":{"line":697,"column":23}},"697":{"start":{"line":698,"column":0},"end":{"line":698,"column":20}},"698":{"start":{"line":699,"column":0},"end":{"line":699,"column":18}},"699":{"start":{"line":700,"column":0},"end":{"line":700,"column":24}},"700":{"start":{"line":701,"column":0},"end":{"line":701,"column":30}},"701":{"start":{"line":702,"column":0},"end":{"line":702,"column":40}},"702":{"start":{"line":703,"column":0},"end":{"line":703,"column":37}},"703":{"start":{"line":704,"column":0},"end":{"line":704,"column":29}},"704":{"start":{"line":705,"column":0},"end":{"line":705,"column":57}},"705":{"start":{"line":706,"column":0},"end":{"line":706,"column":22}},"706":{"start":{"line":707,"column":0},"end":{"line":707,"column":30}},"707":{"start":{"line":708,"column":0},"end":{"line":708,"column":35}},"708":{"start":{"line":709,"column":0},"end":{"line":709,"column":39}},"709":{"start":{"line":710,"column":0},"end":{"line":710,"column":57}},"710":{"start":{"line":711,"column":0},"end":{"line":711,"column":46}},"711":{"start":{"line":712,"column":0},"end":{"line":712,"column":35}},"712":{"start":{"line":713,"column":0},"end":{"line":713,"column":36}},"713":{"start":{"line":714,"column":0},"end":{"line":714,"column":32}},"714":{"start":{"line":715,"column":0},"end":{"line":715,"column":16}},"715":{"start":{"line":716,"column":0},"end":{"line":716,"column":14}},"716":{"start":{"line":717,"column":0},"end":{"line":717,"column":16}},"717":{"start":{"line":718,"column":0},"end":{"line":718,"column":0}},"718":{"start":{"line":719,"column":0},"end":{"line":719,"column":31}},"719":{"start":{"line":720,"column":0},"end":{"line":720,"column":23}},"720":{"start":{"line":721,"column":0},"end":{"line":721,"column":30}},"721":{"start":{"line":722,"column":0},"end":{"line":722,"column":28}},"722":{"start":{"line":723,"column":0},"end":{"line":723,"column":39}},"723":{"start":{"line":724,"column":0},"end":{"line":724,"column":24}},"724":{"start":{"line":725,"column":0},"end":{"line":725,"column":13}},"725":{"start":{"line":726,"column":0},"end":{"line":726,"column":19}},"726":{"start":{"line":727,"column":0},"end":{"line":727,"column":27}},"727":{"start":{"line":728,"column":0},"end":{"line":728,"column":30}},"728":{"start":{"line":729,"column":0},"end":{"line":729,"column":29}},"729":{"start":{"line":730,"column":0},"end":{"line":730,"column":27}},"730":{"start":{"line":731,"column":0},"end":{"line":731,"column":30}},"731":{"start":{"line":732,"column":0},"end":{"line":732,"column":28}},"732":{"start":{"line":733,"column":0},"end":{"line":733,"column":26}},"733":{"start":{"line":734,"column":0},"end":{"line":734,"column":41}},"734":{"start":{"line":735,"column":0},"end":{"line":735,"column":43}},"735":{"start":{"line":736,"column":0},"end":{"line":736,"column":32}},"736":{"start":{"line":737,"column":0},"end":{"line":737,"column":19}},"737":{"start":{"line":738,"column":0},"end":{"line":738,"column":29}},"738":{"start":{"line":739,"column":0},"end":{"line":739,"column":31}},"739":{"start":{"line":740,"column":0},"end":{"line":740,"column":16}},"740":{"start":{"line":741,"column":0},"end":{"line":741,"column":22}},"741":{"start":{"line":742,"column":0},"end":{"line":742,"column":42}},"742":{"start":{"line":743,"column":0},"end":{"line":743,"column":39}},"743":{"start":{"line":744,"column":0},"end":{"line":744,"column":57}},"744":{"start":{"line":745,"column":0},"end":{"line":745,"column":46}},"745":{"start":{"line":746,"column":0},"end":{"line":746,"column":35}},"746":{"start":{"line":747,"column":0},"end":{"line":747,"column":36}},"747":{"start":{"line":748,"column":0},"end":{"line":748,"column":32}},"748":{"start":{"line":749,"column":0},"end":{"line":749,"column":34}},"749":{"start":{"line":750,"column":0},"end":{"line":750,"column":44}},"750":{"start":{"line":751,"column":0},"end":{"line":751,"column":16}},"751":{"start":{"line":752,"column":0},"end":{"line":752,"column":13}},"752":{"start":{"line":753,"column":0},"end":{"line":753,"column":24}},"753":{"start":{"line":754,"column":0},"end":{"line":754,"column":21}},"754":{"start":{"line":755,"column":0},"end":{"line":755,"column":19}},"755":{"start":{"line":756,"column":0},"end":{"line":756,"column":27}},"756":{"start":{"line":757,"column":0},"end":{"line":757,"column":71}},"757":{"start":{"line":758,"column":0},"end":{"line":758,"column":22}},"758":{"start":{"line":759,"column":0},"end":{"line":759,"column":42}},"759":{"start":{"line":760,"column":0},"end":{"line":760,"column":39}},"760":{"start":{"line":761,"column":0},"end":{"line":761,"column":31}},"761":{"start":{"line":762,"column":0},"end":{"line":762,"column":74}},"762":{"start":{"line":763,"column":0},"end":{"line":763,"column":36}},"763":{"start":{"line":764,"column":0},"end":{"line":764,"column":42}},"764":{"start":{"line":765,"column":0},"end":{"line":765,"column":31}},"765":{"start":{"line":766,"column":0},"end":{"line":766,"column":36}},"766":{"start":{"line":767,"column":0},"end":{"line":767,"column":32}},"767":{"start":{"line":768,"column":0},"end":{"line":768,"column":99}},"768":{"start":{"line":769,"column":0},"end":{"line":769,"column":44}},"769":{"start":{"line":770,"column":0},"end":{"line":770,"column":43}},"770":{"start":{"line":771,"column":0},"end":{"line":771,"column":16}},"771":{"start":{"line":772,"column":0},"end":{"line":772,"column":13}},"772":{"start":{"line":773,"column":0},"end":{"line":773,"column":62}},"773":{"start":{"line":774,"column":0},"end":{"line":774,"column":21}},"774":{"start":{"line":775,"column":0},"end":{"line":775,"column":16}},"775":{"start":{"line":776,"column":0},"end":{"line":776,"column":15}},"776":{"start":{"line":777,"column":0},"end":{"line":777,"column":12}},"777":{"start":{"line":778,"column":0},"end":{"line":778,"column":10}},"778":{"start":{"line":779,"column":0},"end":{"line":779,"column":4}},"779":{"start":{"line":780,"column":0},"end":{"line":780,"column":1}},"780":{"start":{"line":781,"column":0},"end":{"line":781,"column":0}},"781":{"start":{"line":782,"column":0},"end":{"line":782,"column":40}},"782":{"start":{"line":783,"column":0},"end":{"line":783,"column":39}},"783":{"start":{"line":784,"column":0},"end":{"line":784,"column":39}},"784":{"start":{"line":785,"column":0},"end":{"line":785,"column":41}},"785":{"start":{"line":786,"column":0},"end":{"line":786,"column":83}},"786":{"start":{"line":787,"column":0},"end":{"line":787,"column":55}},"787":{"start":{"line":788,"column":0},"end":{"line":788,"column":47}},"788":{"start":{"line":789,"column":0},"end":{"line":789,"column":51}},"789":{"start":{"line":790,"column":0},"end":{"line":790,"column":58}},"790":{"start":{"line":791,"column":0},"end":{"line":791,"column":0}},"791":{"start":{"line":792,"column":0},"end":{"line":792,"column":19}},"792":{"start":{"line":793,"column":0},"end":{"line":793,"column":31}},"793":{"start":{"line":794,"column":0},"end":{"line":794,"column":11}},"794":{"start":{"line":795,"column":0},"end":{"line":795,"column":53}},"795":{"start":{"line":796,"column":0},"end":{"line":796,"column":27}},"796":{"start":{"line":797,"column":0},"end":{"line":797,"column":35}},"797":{"start":{"line":798,"column":0},"end":{"line":798,"column":28}},"798":{"start":{"line":799,"column":0},"end":{"line":799,"column":46}},"799":{"start":{"line":800,"column":0},"end":{"line":800,"column":43}},"800":{"start":{"line":801,"column":0},"end":{"line":801,"column":11}},"801":{"start":{"line":802,"column":0},"end":{"line":802,"column":24}},"802":{"start":{"line":803,"column":0},"end":{"line":803,"column":24}},"803":{"start":{"line":804,"column":0},"end":{"line":804,"column":25}},"804":{"start":{"line":805,"column":0},"end":{"line":805,"column":37}},"805":{"start":{"line":806,"column":0},"end":{"line":806,"column":33}},"806":{"start":{"line":807,"column":0},"end":{"line":807,"column":21}},"807":{"start":{"line":808,"column":0},"end":{"line":808,"column":60}},"808":{"start":{"line":809,"column":0},"end":{"line":809,"column":17}},"809":{"start":{"line":810,"column":0},"end":{"line":810,"column":26}},"810":{"start":{"line":811,"column":0},"end":{"line":811,"column":7}},"811":{"start":{"line":812,"column":0},"end":{"line":812,"column":5}},"812":{"start":{"line":813,"column":0},"end":{"line":813,"column":15}},"813":{"start":{"line":814,"column":0},"end":{"line":814,"column":9}},"814":{"start":{"line":815,"column":0},"end":{"line":815,"column":0}},"815":{"start":{"line":816,"column":0},"end":{"line":816,"column":38}},"816":{"start":{"line":817,"column":0},"end":{"line":817,"column":31}},"817":{"start":{"line":818,"column":0},"end":{"line":818,"column":88}},"818":{"start":{"line":819,"column":0},"end":{"line":819,"column":96}},"819":{"start":{"line":820,"column":0},"end":{"line":820,"column":82}},"820":{"start":{"line":821,"column":0},"end":{"line":821,"column":44}},"821":{"start":{"line":822,"column":0},"end":{"line":822,"column":7}},"822":{"start":{"line":823,"column":0},"end":{"line":823,"column":39}},"823":{"start":{"line":824,"column":0},"end":{"line":824,"column":0}},"824":{"start":{"line":825,"column":0},"end":{"line":825,"column":31}},"825":{"start":{"line":826,"column":0},"end":{"line":826,"column":73}},"826":{"start":{"line":827,"column":0},"end":{"line":827,"column":87}},"827":{"start":{"line":828,"column":0},"end":{"line":828,"column":105}},"828":{"start":{"line":829,"column":0},"end":{"line":829,"column":102}},"829":{"start":{"line":830,"column":0},"end":{"line":830,"column":4}},"830":{"start":{"line":831,"column":0},"end":{"line":831,"column":71}},"831":{"start":{"line":832,"column":0},"end":{"line":832,"column":52}},"832":{"start":{"line":833,"column":0},"end":{"line":833,"column":0}},"833":{"start":{"line":834,"column":0},"end":{"line":834,"column":16}},"834":{"start":{"line":835,"column":0},"end":{"line":835,"column":12}},"835":{"start":{"line":836,"column":0},"end":{"line":836,"column":19}},"836":{"start":{"line":837,"column":0},"end":{"line":837,"column":26}},"837":{"start":{"line":838,"column":0},"end":{"line":838,"column":24}},"838":{"start":{"line":839,"column":0},"end":{"line":839,"column":33}},"839":{"start":{"line":840,"column":0},"end":{"line":840,"column":29}},"840":{"start":{"line":841,"column":0},"end":{"line":841,"column":26}},"841":{"start":{"line":842,"column":0},"end":{"line":842,"column":9}},"842":{"start":{"line":843,"column":0},"end":{"line":843,"column":45}},"843":{"start":{"line":844,"column":0},"end":{"line":844,"column":28}},"844":{"start":{"line":845,"column":0},"end":{"line":845,"column":92}},"845":{"start":{"line":846,"column":0},"end":{"line":846,"column":14}},"846":{"start":{"line":847,"column":0},"end":{"line":847,"column":12}},"847":{"start":{"line":848,"column":0},"end":{"line":848,"column":6}},"848":{"start":{"line":849,"column":0},"end":{"line":849,"column":3}},"849":{"start":{"line":850,"column":0},"end":{"line":850,"column":0}},"850":{"start":{"line":851,"column":0},"end":{"line":851,"column":10}},"851":{"start":{"line":852,"column":0},"end":{"line":852,"column":32}},"852":{"start":{"line":853,"column":0},"end":{"line":853,"column":19}},"853":{"start":{"line":854,"column":0},"end":{"line":854,"column":24}},"854":{"start":{"line":855,"column":0},"end":{"line":855,"column":40}},"855":{"start":{"line":856,"column":0},"end":{"line":856,"column":29}},"856":{"start":{"line":857,"column":0},"end":{"line":857,"column":29}},"857":{"start":{"line":858,"column":0},"end":{"line":858,"column":9}},"858":{"start":{"line":859,"column":0},"end":{"line":859,"column":13}},"859":{"start":{"line":860,"column":0},"end":{"line":860,"column":22}},"860":{"start":{"line":861,"column":0},"end":{"line":861,"column":29}},"861":{"start":{"line":862,"column":0},"end":{"line":862,"column":28}},"862":{"start":{"line":863,"column":0},"end":{"line":863,"column":35}},"863":{"start":{"line":864,"column":0},"end":{"line":864,"column":27}},"864":{"start":{"line":865,"column":0},"end":{"line":865,"column":72}},"865":{"start":{"line":866,"column":0},"end":{"line":866,"column":70}},"866":{"start":{"line":867,"column":0},"end":{"line":867,"column":16}},"867":{"start":{"line":868,"column":0},"end":{"line":868,"column":14}},"868":{"start":{"line":869,"column":0},"end":{"line":869,"column":12}},"869":{"start":{"line":870,"column":0},"end":{"line":870,"column":0}},"870":{"start":{"line":871,"column":0},"end":{"line":871,"column":19}},"871":{"start":{"line":872,"column":0},"end":{"line":872,"column":24}},"872":{"start":{"line":873,"column":0},"end":{"line":873,"column":68}},"873":{"start":{"line":874,"column":0},"end":{"line":874,"column":23}},"874":{"start":{"line":875,"column":0},"end":{"line":875,"column":29}},"875":{"start":{"line":876,"column":0},"end":{"line":876,"column":9}},"876":{"start":{"line":877,"column":0},"end":{"line":877,"column":21}},"877":{"start":{"line":878,"column":0},"end":{"line":878,"column":29}},"878":{"start":{"line":879,"column":0},"end":{"line":879,"column":74}},"879":{"start":{"line":880,"column":0},"end":{"line":880,"column":11}},"880":{"start":{"line":881,"column":0},"end":{"line":881,"column":76}},"881":{"start":{"line":882,"column":0},"end":{"line":882,"column":88}},"882":{"start":{"line":883,"column":0},"end":{"line":883,"column":90}},"883":{"start":{"line":884,"column":0},"end":{"line":884,"column":14}},"884":{"start":{"line":885,"column":0},"end":{"line":885,"column":0}},"885":{"start":{"line":886,"column":0},"end":{"line":886,"column":21}},"886":{"start":{"line":887,"column":0},"end":{"line":887,"column":29}},"887":{"start":{"line":888,"column":0},"end":{"line":888,"column":74}},"888":{"start":{"line":889,"column":0},"end":{"line":889,"column":11}},"889":{"start":{"line":890,"column":0},"end":{"line":890,"column":76}},"890":{"start":{"line":891,"column":0},"end":{"line":891,"column":101}},"891":{"start":{"line":892,"column":0},"end":{"line":892,"column":83}},"892":{"start":{"line":893,"column":0},"end":{"line":893,"column":14}},"893":{"start":{"line":894,"column":0},"end":{"line":894,"column":0}},"894":{"start":{"line":895,"column":0},"end":{"line":895,"column":21}},"895":{"start":{"line":896,"column":0},"end":{"line":896,"column":29}},"896":{"start":{"line":897,"column":0},"end":{"line":897,"column":74}},"897":{"start":{"line":898,"column":0},"end":{"line":898,"column":11}},"898":{"start":{"line":899,"column":0},"end":{"line":899,"column":76}},"899":{"start":{"line":900,"column":0},"end":{"line":900,"column":86}},"900":{"start":{"line":901,"column":0},"end":{"line":901,"column":88}},"901":{"start":{"line":902,"column":0},"end":{"line":902,"column":14}},"902":{"start":{"line":903,"column":0},"end":{"line":903,"column":0}},"903":{"start":{"line":904,"column":0},"end":{"line":904,"column":21}},"904":{"start":{"line":905,"column":0},"end":{"line":905,"column":29}},"905":{"start":{"line":906,"column":0},"end":{"line":906,"column":74}},"906":{"start":{"line":907,"column":0},"end":{"line":907,"column":11}},"907":{"start":{"line":908,"column":0},"end":{"line":908,"column":76}},"908":{"start":{"line":909,"column":0},"end":{"line":909,"column":86}},"909":{"start":{"line":910,"column":0},"end":{"line":910,"column":80}},"910":{"start":{"line":911,"column":0},"end":{"line":911,"column":14}},"911":{"start":{"line":912,"column":0},"end":{"line":912,"column":12}},"912":{"start":{"line":913,"column":0},"end":{"line":913,"column":0}},"913":{"start":{"line":914,"column":0},"end":{"line":914,"column":60}},"914":{"start":{"line":915,"column":0},"end":{"line":915,"column":21}},"915":{"start":{"line":916,"column":0},"end":{"line":916,"column":26}},"916":{"start":{"line":917,"column":0},"end":{"line":917,"column":42}},"917":{"start":{"line":918,"column":0},"end":{"line":918,"column":31}},"918":{"start":{"line":919,"column":0},"end":{"line":919,"column":33}},"919":{"start":{"line":920,"column":0},"end":{"line":920,"column":11}},"920":{"start":{"line":921,"column":0},"end":{"line":921,"column":63}},"921":{"start":{"line":922,"column":0},"end":{"line":922,"column":43}},"922":{"start":{"line":923,"column":0},"end":{"line":923,"column":15}},"923":{"start":{"line":924,"column":0},"end":{"line":924,"column":78}},"924":{"start":{"line":925,"column":0},"end":{"line":925,"column":22}},"925":{"start":{"line":926,"column":0},"end":{"line":926,"column":32}},"926":{"start":{"line":927,"column":0},"end":{"line":927,"column":38}},"927":{"start":{"line":928,"column":0},"end":{"line":928,"column":42}},"928":{"start":{"line":929,"column":0},"end":{"line":929,"column":29}},"929":{"start":{"line":930,"column":0},"end":{"line":930,"column":14}},"930":{"start":{"line":931,"column":0},"end":{"line":931,"column":19}},"931":{"start":{"line":932,"column":0},"end":{"line":932,"column":34}},"932":{"start":{"line":933,"column":0},"end":{"line":933,"column":63}},"933":{"start":{"line":934,"column":0},"end":{"line":934,"column":22}},"934":{"start":{"line":935,"column":0},"end":{"line":935,"column":32}},"935":{"start":{"line":936,"column":0},"end":{"line":936,"column":30}},"936":{"start":{"line":937,"column":0},"end":{"line":937,"column":34}},"937":{"start":{"line":938,"column":0},"end":{"line":938,"column":16}},"938":{"start":{"line":939,"column":0},"end":{"line":939,"column":13}},"939":{"start":{"line":940,"column":0},"end":{"line":940,"column":53}},"940":{"start":{"line":941,"column":0},"end":{"line":941,"column":58}},"941":{"start":{"line":942,"column":0},"end":{"line":942,"column":58}},"942":{"start":{"line":943,"column":0},"end":{"line":943,"column":54}},"943":{"start":{"line":944,"column":0},"end":{"line":944,"column":54}},"944":{"start":{"line":945,"column":0},"end":{"line":945,"column":21}},"945":{"start":{"line":946,"column":0},"end":{"line":946,"column":16}},"946":{"start":{"line":947,"column":0},"end":{"line":947,"column":14}},"947":{"start":{"line":948,"column":0},"end":{"line":948,"column":0}},"948":{"start":{"line":949,"column":0},"end":{"line":949,"column":21}},"949":{"start":{"line":950,"column":0},"end":{"line":950,"column":26}},"950":{"start":{"line":951,"column":0},"end":{"line":951,"column":71}},"951":{"start":{"line":952,"column":0},"end":{"line":952,"column":22}},"952":{"start":{"line":953,"column":0},"end":{"line":953,"column":11}},"953":{"start":{"line":954,"column":0},"end":{"line":954,"column":50}},"954":{"start":{"line":955,"column":0},"end":{"line":955,"column":16}},"955":{"start":{"line":956,"column":0},"end":{"line":956,"column":26}},"956":{"start":{"line":957,"column":0},"end":{"line":957,"column":22}},"957":{"start":{"line":958,"column":0},"end":{"line":958,"column":31}},"958":{"start":{"line":959,"column":0},"end":{"line":959,"column":32}},"959":{"start":{"line":960,"column":0},"end":{"line":960,"column":34}},"960":{"start":{"line":961,"column":0},"end":{"line":961,"column":16}},"961":{"start":{"line":962,"column":0},"end":{"line":962,"column":36}},"962":{"start":{"line":963,"column":0},"end":{"line":963,"column":69}},"963":{"start":{"line":964,"column":0},"end":{"line":964,"column":66}},"964":{"start":{"line":965,"column":0},"end":{"line":965,"column":16}},"965":{"start":{"line":966,"column":0},"end":{"line":966,"column":36}},"966":{"start":{"line":967,"column":0},"end":{"line":967,"column":66}},"967":{"start":{"line":968,"column":0},"end":{"line":968,"column":64}},"968":{"start":{"line":969,"column":0},"end":{"line":969,"column":16}},"969":{"start":{"line":970,"column":0},"end":{"line":970,"column":13}},"970":{"start":{"line":971,"column":0},"end":{"line":971,"column":33}},"971":{"start":{"line":972,"column":0},"end":{"line":972,"column":20}},"972":{"start":{"line":973,"column":0},"end":{"line":973,"column":37}},"973":{"start":{"line":974,"column":0},"end":{"line":974,"column":32}},"974":{"start":{"line":975,"column":0},"end":{"line":975,"column":26}},"975":{"start":{"line":976,"column":0},"end":{"line":976,"column":34}},"976":{"start":{"line":977,"column":0},"end":{"line":977,"column":36}},"977":{"start":{"line":978,"column":0},"end":{"line":978,"column":39}},"978":{"start":{"line":979,"column":0},"end":{"line":979,"column":44}},"979":{"start":{"line":980,"column":0},"end":{"line":980,"column":44}},"980":{"start":{"line":981,"column":0},"end":{"line":981,"column":20}},"981":{"start":{"line":982,"column":0},"end":{"line":982,"column":18}},"982":{"start":{"line":983,"column":0},"end":{"line":983,"column":16}},"983":{"start":{"line":984,"column":0},"end":{"line":984,"column":26}},"984":{"start":{"line":985,"column":0},"end":{"line":985,"column":35}},"985":{"start":{"line":986,"column":0},"end":{"line":986,"column":32}},"986":{"start":{"line":987,"column":0},"end":{"line":987,"column":40}},"987":{"start":{"line":988,"column":0},"end":{"line":988,"column":32}},"988":{"start":{"line":989,"column":0},"end":{"line":989,"column":25}},"989":{"start":{"line":990,"column":0},"end":{"line":990,"column":37}},"990":{"start":{"line":991,"column":0},"end":{"line":991,"column":40}},"991":{"start":{"line":992,"column":0},"end":{"line":992,"column":39}},"992":{"start":{"line":993,"column":0},"end":{"line":993,"column":17}},"993":{"start":{"line":994,"column":0},"end":{"line":994,"column":54}},"994":{"start":{"line":995,"column":0},"end":{"line":995,"column":18}},"995":{"start":{"line":996,"column":0},"end":{"line":996,"column":53}},"996":{"start":{"line":997,"column":0},"end":{"line":997,"column":60}},"997":{"start":{"line":998,"column":0},"end":{"line":998,"column":21}},"998":{"start":{"line":999,"column":0},"end":{"line":999,"column":18}},"999":{"start":{"line":1000,"column":0},"end":{"line":1000,"column":13}},"1000":{"start":{"line":1001,"column":0},"end":{"line":1001,"column":14}},"1001":{"start":{"line":1002,"column":0},"end":{"line":1002,"column":12}},"1002":{"start":{"line":1003,"column":0},"end":{"line":1003,"column":0}},"1003":{"start":{"line":1004,"column":0},"end":{"line":1004,"column":19}},"1004":{"start":{"line":1005,"column":0},"end":{"line":1005,"column":24}},"1005":{"start":{"line":1006,"column":0},"end":{"line":1006,"column":68}},"1006":{"start":{"line":1007,"column":0},"end":{"line":1007,"column":23}},"1007":{"start":{"line":1008,"column":0},"end":{"line":1008,"column":9}},"1008":{"start":{"line":1009,"column":0},"end":{"line":1009,"column":33}},"1009":{"start":{"line":1010,"column":0},"end":{"line":1010,"column":22}},"1010":{"start":{"line":1011,"column":0},"end":{"line":1011,"column":31}},"1011":{"start":{"line":1012,"column":0},"end":{"line":1012,"column":28}},"1012":{"start":{"line":1013,"column":0},"end":{"line":1013,"column":33}},"1013":{"start":{"line":1014,"column":0},"end":{"line":1014,"column":28}},"1014":{"start":{"line":1015,"column":0},"end":{"line":1015,"column":33}},"1015":{"start":{"line":1016,"column":0},"end":{"line":1016,"column":26}},"1016":{"start":{"line":1017,"column":0},"end":{"line":1017,"column":13}},"1017":{"start":{"line":1018,"column":0},"end":{"line":1018,"column":34}},"1018":{"start":{"line":1019,"column":0},"end":{"line":1019,"column":15}},"1019":{"start":{"line":1020,"column":0},"end":{"line":1020,"column":84}},"1020":{"start":{"line":1021,"column":0},"end":{"line":1021,"column":44}},"1021":{"start":{"line":1022,"column":0},"end":{"line":1022,"column":18}},"1022":{"start":{"line":1023,"column":0},"end":{"line":1023,"column":28}},"1023":{"start":{"line":1024,"column":0},"end":{"line":1024,"column":24}},"1024":{"start":{"line":1025,"column":0},"end":{"line":1025,"column":37}},"1025":{"start":{"line":1026,"column":0},"end":{"line":1026,"column":41}},"1026":{"start":{"line":1027,"column":0},"end":{"line":1027,"column":48}},"1027":{"start":{"line":1028,"column":0},"end":{"line":1028,"column":34}},"1028":{"start":{"line":1029,"column":0},"end":{"line":1029,"column":50}},"1029":{"start":{"line":1030,"column":0},"end":{"line":1030,"column":39}},"1030":{"start":{"line":1031,"column":0},"end":{"line":1031,"column":18}},"1031":{"start":{"line":1032,"column":0},"end":{"line":1032,"column":15}},"1032":{"start":{"line":1033,"column":0},"end":{"line":1033,"column":21}},"1033":{"start":{"line":1034,"column":0},"end":{"line":1034,"column":71}},"1034":{"start":{"line":1035,"column":0},"end":{"line":1035,"column":42}},"1035":{"start":{"line":1036,"column":0},"end":{"line":1036,"column":24}},"1036":{"start":{"line":1037,"column":0},"end":{"line":1037,"column":79}},"1037":{"start":{"line":1038,"column":0},"end":{"line":1038,"column":55}},"1038":{"start":{"line":1039,"column":0},"end":{"line":1039,"column":24}},"1039":{"start":{"line":1040,"column":0},"end":{"line":1040,"column":22}},"1040":{"start":{"line":1041,"column":0},"end":{"line":1041,"column":55}},"1041":{"start":{"line":1042,"column":0},"end":{"line":1042,"column":48}},"1042":{"start":{"line":1043,"column":0},"end":{"line":1043,"column":23}},"1043":{"start":{"line":1044,"column":0},"end":{"line":1044,"column":20}},"1044":{"start":{"line":1045,"column":0},"end":{"line":1045,"column":15}},"1045":{"start":{"line":1046,"column":0},"end":{"line":1046,"column":16}},"1046":{"start":{"line":1047,"column":0},"end":{"line":1047,"column":14}},"1047":{"start":{"line":1048,"column":0},"end":{"line":1048,"column":0}},"1048":{"start":{"line":1049,"column":0},"end":{"line":1049,"column":33}},"1049":{"start":{"line":1050,"column":0},"end":{"line":1050,"column":22}},"1050":{"start":{"line":1051,"column":0},"end":{"line":1051,"column":31}},"1051":{"start":{"line":1052,"column":0},"end":{"line":1052,"column":28}},"1052":{"start":{"line":1053,"column":0},"end":{"line":1053,"column":33}},"1053":{"start":{"line":1054,"column":0},"end":{"line":1054,"column":28}},"1054":{"start":{"line":1055,"column":0},"end":{"line":1055,"column":33}},"1055":{"start":{"line":1056,"column":0},"end":{"line":1056,"column":26}},"1056":{"start":{"line":1057,"column":0},"end":{"line":1057,"column":13}},"1057":{"start":{"line":1058,"column":0},"end":{"line":1058,"column":28}},"1058":{"start":{"line":1059,"column":0},"end":{"line":1059,"column":15}},"1059":{"start":{"line":1060,"column":0},"end":{"line":1060,"column":84}},"1060":{"start":{"line":1061,"column":0},"end":{"line":1061,"column":46}},"1061":{"start":{"line":1062,"column":0},"end":{"line":1062,"column":18}},"1062":{"start":{"line":1063,"column":0},"end":{"line":1063,"column":29}},"1063":{"start":{"line":1064,"column":0},"end":{"line":1064,"column":24}},"1064":{"start":{"line":1065,"column":0},"end":{"line":1065,"column":37}},"1065":{"start":{"line":1066,"column":0},"end":{"line":1066,"column":41}},"1066":{"start":{"line":1067,"column":0},"end":{"line":1067,"column":48}},"1067":{"start":{"line":1068,"column":0},"end":{"line":1068,"column":34}},"1068":{"start":{"line":1069,"column":0},"end":{"line":1069,"column":50}},"1069":{"start":{"line":1070,"column":0},"end":{"line":1070,"column":39}},"1070":{"start":{"line":1071,"column":0},"end":{"line":1071,"column":18}},"1071":{"start":{"line":1072,"column":0},"end":{"line":1072,"column":15}},"1072":{"start":{"line":1073,"column":0},"end":{"line":1073,"column":41}},"1073":{"start":{"line":1074,"column":0},"end":{"line":1074,"column":71}},"1074":{"start":{"line":1075,"column":0},"end":{"line":1075,"column":32}},"1075":{"start":{"line":1076,"column":0},"end":{"line":1076,"column":24}},"1076":{"start":{"line":1077,"column":0},"end":{"line":1077,"column":79}},"1077":{"start":{"line":1078,"column":0},"end":{"line":1078,"column":57}},"1078":{"start":{"line":1079,"column":0},"end":{"line":1079,"column":24}},"1079":{"start":{"line":1080,"column":0},"end":{"line":1080,"column":22}},"1080":{"start":{"line":1081,"column":0},"end":{"line":1081,"column":64}},"1081":{"start":{"line":1082,"column":0},"end":{"line":1082,"column":60}},"1082":{"start":{"line":1083,"column":0},"end":{"line":1083,"column":35}},"1083":{"start":{"line":1084,"column":0},"end":{"line":1084,"column":25}},"1084":{"start":{"line":1085,"column":0},"end":{"line":1085,"column":58}},"1085":{"start":{"line":1086,"column":0},"end":{"line":1086,"column":51}},"1086":{"start":{"line":1087,"column":0},"end":{"line":1087,"column":25}},"1087":{"start":{"line":1088,"column":0},"end":{"line":1088,"column":22}},"1088":{"start":{"line":1089,"column":0},"end":{"line":1089,"column":20}},"1089":{"start":{"line":1090,"column":0},"end":{"line":1090,"column":15}},"1090":{"start":{"line":1091,"column":0},"end":{"line":1091,"column":16}},"1091":{"start":{"line":1092,"column":0},"end":{"line":1092,"column":14}},"1092":{"start":{"line":1093,"column":0},"end":{"line":1093,"column":12}},"1093":{"start":{"line":1094,"column":0},"end":{"line":1094,"column":10}},"1094":{"start":{"line":1095,"column":0},"end":{"line":1095,"column":4}},"1095":{"start":{"line":1096,"column":0},"end":{"line":1096,"column":1}},"1096":{"start":{"line":1097,"column":0},"end":{"line":1097,"column":0}},"1097":{"start":{"line":1098,"column":0},"end":{"line":1098,"column":43}},"1098":{"start":{"line":1099,"column":0},"end":{"line":1099,"column":88}},"1099":{"start":{"line":1100,"column":0},"end":{"line":1100,"column":46}},"1100":{"start":{"line":1101,"column":0},"end":{"line":1101,"column":45}},"1101":{"start":{"line":1102,"column":0},"end":{"line":1102,"column":0}},"1102":{"start":{"line":1103,"column":0},"end":{"line":1103,"column":19}},"1103":{"start":{"line":1104,"column":0},"end":{"line":1104,"column":27}},"1104":{"start":{"line":1105,"column":0},"end":{"line":1105,"column":11}},"1105":{"start":{"line":1106,"column":0},"end":{"line":1106,"column":47}},"1106":{"start":{"line":1107,"column":0},"end":{"line":1107,"column":38}},"1107":{"start":{"line":1108,"column":0},"end":{"line":1108,"column":21}},"1108":{"start":{"line":1109,"column":0},"end":{"line":1109,"column":54}},"1109":{"start":{"line":1110,"column":0},"end":{"line":1110,"column":7}},"1110":{"start":{"line":1111,"column":0},"end":{"line":1111,"column":5}},"1111":{"start":{"line":1112,"column":0},"end":{"line":1112,"column":11}},"1112":{"start":{"line":1113,"column":0},"end":{"line":1113,"column":9}},"1113":{"start":{"line":1114,"column":0},"end":{"line":1114,"column":0}},"1114":{"start":{"line":1115,"column":0},"end":{"line":1115,"column":32}},"1115":{"start":{"line":1116,"column":0},"end":{"line":1116,"column":23}},"1116":{"start":{"line":1117,"column":0},"end":{"line":1117,"column":20}},"1117":{"start":{"line":1118,"column":0},"end":{"line":1118,"column":19}},"1118":{"start":{"line":1119,"column":0},"end":{"line":1119,"column":9}},"1119":{"start":{"line":1120,"column":0},"end":{"line":1120,"column":56}},"1120":{"start":{"line":1121,"column":0},"end":{"line":1121,"column":51}},"1121":{"start":{"line":1122,"column":0},"end":{"line":1122,"column":45}},"1122":{"start":{"line":1123,"column":0},"end":{"line":1123,"column":19}},"1123":{"start":{"line":1124,"
[...]
43":0,"1044":0,"1045":0,"1046":0,"1047":0,"1048":0,"1049":0,"1050":0,"1051":0,"1052":0,"1053":0,"1054":0,"1055":0,"1056":0,"1057":0,"1058":0,"1059":0,"1060":0,"1061":0,"1062":0,"1063":0,"1064":0,"1065":0,"1066":0,"1067":0,"1068":0,"1069":0,"1070":0,"1071":0,"1072":0,"1073":0,"1074":0,"1075":0,"1076":0,"1077":0,"1078":0,"1079":0,"1080":0,"1081":0,"1082":0,"1083":0,"1084":0,"1085":0,"1086":0,"1087":0,"1088":0,"1089":0,"1090":0,"1091":0,"1092":0,"1093":0,"1094":0,"1095":0,"1096":1,"1097":0,"1098":0,"1099":0,"1100":0,"1101":0,"1102":0,"1103":0,"1104":0,"1105":0,"1106":0,"1107":0,"1108":0,"1109":0,"1110":0,"1111":0,"1112":0,"1113":0,"1114":0,"1115":0,"1116":0,"1117":0,"1118":0,"1119":0,"1120":0,"1121":0,"1122":0,"1123":0,"1124":0,"1125":0,"1126":0,"1127":0,"1128":0,"1129":0,"1130":0,"1131":0,"1132":0,"1133":0,"1134":0,"1135":0,"1136":0,"1137":0,"1138":0,"1139":0,"1140":0,"1141":0,"1142":0,"1143":0,"1144":0,"1145":0,"1146":0,"1147":0,"1148":0,"1149":0,"1150":0,"1151":0,"1152":0,"1153":0,"1154":0,"1155":0,"1156":0,"1157":0,"1158":0,"1159":0,"1160":0,"1161":0,"1162":0,"1163":0,"1164":0,"1165":0,"1166":0,"1167":0,"1168":0,"1169":0,"1170":0,"1171":0,"1172":0,"1173":0,"1174":0,"1175":0,"1176":0,"1177":0,"1178":0,"1179":0,"1180":0,"1181":0,"1182":0,"1183":0,"1184":0,"1185":0,"1186":0,"1187":0,"1188":0,"1189":0,"1190":0,"1191":0,"1192":0,"1193":0,"1194":0,"1195":0,"1196":0,"1197":0,"1198":0,"1199":0,"1200":0,"1201":0,"1202":0,"1203":0,"1204":0,"1205":0,"1206":0,"1207":0,"1208":0,"1209":0,"1210":0,"1211":0,"1212":0,"1213":0,"1214":0,"1215":0,"1216":0,"1217":0,"1218":0,"1219":0,"1220":0,"1221":0,"1222":0,"1223":0,"1224":0,"1225":1,"1226":0,"1227":0,"1228":0,"1229":0,"1230":0,"1231":0,"1232":0,"1233":0,"1234":0,"1235":0,"1236":0,"1237":0,"1238":0,"1239":0,"1240":0,"1241":0,"1242":0,"1243":0,"1244":0,"1245":0,"1246":0,"1247":0,"1248":0,"1249":0,"1250":0,"1251":0,"1252":0,"1253":0,"1254":0,"1255":0,"1256":0,"1257":0,"1258":0,"1259":0,"1260":0,"1261":0,"1262":0,"1263":0,"1264":0,"1265":0,"1266":0,"1267":0,"1268":0,"1269":0,"1270":0,"1271":0,"1272":0,"1273":0,"1274":0,"1275":0,"1276":0,"1277":0,"1278":0,"1279":0,"1280":0,"1281":0,"1282":0,"1283":0,"1284":0,"1285":0,"1286":0,"1287":0,"1288":0,"1289":0,"1290":0,"1291":0,"1292":0,"1293":0,"1294":0,"1295":0,"1296":0,"1297":0,"1298":0,"1299":0,"1300":0,"1301":0,"1302":0,"1303":0,"1304":0,"1305":0,"1306":0,"1307":0,"1308":0,"1309":0,"1310":0,"1311":0,"1312":0,"1313":0,"1314":0,"1315":0,"1316":0,"1317":0,"1318":0,"1319":0,"1320":0,"1321":0,"1322":0,"1323":0,"1324":0,"1325":0,"1326":0,"1327":0,"1328":0,"1329":0,"1330":0,"1331":0,"1332":0,"1333":0,"1334":0,"1335":0,"1336":0,"1337":0,"1338":0,"1339":0,"1340":0,"1341":0,"1342":0,"1343":0,"1344":0,"1345":0,"1346":0,"1347":0,"1348":0,"1349":0,"1350":0,"1351":0,"1352":0,"1353":0,"1354":0,"1355":0,"1356":0,"1357":0,"1358":0,"1359":0,"1360":0,"1361":0,"1362":0,"1363":0,"1364":0,"1365":0,"1366":0,"1367":0,"1368":0,"1369":0,"1370":0,"1371":0,"1372":0,"1373":0,"1374":0,"1375":0,"1376":0,"1377":0,"1378":0,"1379":0,"1380":0,"1381":0,"1382":0,"1383":0,"1384":0,"1385":0,"1386":0,"1387":0,"1388":0,"1389":0,"1390":0,"1391":0,"1392":0,"1393":0,"1394":0,"1395":0,"1396":0,"1397":0,"1398":0,"1399":0,"1400":0,"1401":0,"1402":0,"1403":0,"1404":0,"1405":0,"1406":0,"1407":0,"1408":0,"1409":0,"1410":0,"1411":0,"1412":0,"1413":0,"1414":0,"1415":0,"1416":0,"1417":0,"1418":0,"1419":0,"1420":0,"1421":1,"1422":0,"1423":0,"1424":0,"1425":0,"1426":0,"1427":0,"1428":0,"1429":0,"1430":0,"1431":0,"1432":0,"1433":0,"1434":0,"1435":0,"1436":0,"1437":0,"1438":0,"1439":0,"1440":0,"1441":0,"1442":0,"1443":0,"1444":0,"1445":0,"1446":0,"1447":0,"1448":0,"1449":0,"1450":0,"1451":0,"1452":0,"1453":0,"1454":0,"1455":0,"1456":0,"1457":0,"1458":0,"1459":0,"1460":0,"1461":0,"1462":0,"1463":0,"1464":0,"1465":0,"1466":0,"1467":0,"1468":0,"1469":0,"1470":0,"1471":0,"1472":0,"1473":0,"1474":0,"1475":0,"1476":0,"1477":0,"1478":0,"1479":0,"1480":0,"1481":0,"1482":0,"1483":0,"1484":0,"1485":0,"1486":0,"1487":0,"1488":0,"1489":0,"1490":0,"1491":0,"1492":0,"1493":0,"1494":0,"1495":0,"1496":0,"1497":0,"1498":0,"1499":0,"1500":0,"1501":0,"1502":0,"1503":0,"1504":0,"1505":0,"1506":0,"1507":0,"1508":0,"1509":0,"1510":0,"1511":0,"1512":0,"1513":0,"1514":0,"1515":0,"1516":0,"1517":0,"1518":0,"1519":0,"1520":0,"1521":0,"1522":0,"1523":0,"1524":0,"1525":0,"1526":0,"1527":0,"1528":0,"1529":0,"1530":0,"1531":0,"1532":0,"1533":0,"1534":0,"1535":0,"1536":0,"1537":0,"1538":0,"1539":0,"1540":0,"1541":0,"1542":0,"1543":0,"1544":0,"1545":0,"1546":0,"1547":0,"1548":0,"1549":0,"1550":0,"1551":0,"1552":0,"1553":0,"1554":0,"1555":0,"1556":0,"1557":0,"1558":0,"1559":0,"1560":0,"1561":0,"1562":0,"1563":0,"1564":0,"1565":0,"1566":0,"1567":0,"1568":0,"1569":0,"1570":0,"1571":0,"1572":0,"1573":0,"1574":0,"1575":0,"1576":0,"1577":0,"1578":0,"1579":0,"1580":0,"1581":0,"1582":0,"1583":0,"1584":0,"1585":0,"1586":0,"1587":0,"1588":0,"1589":0,"1590":0,"1591":0,"1592":0,"1593":0,"1594":0,"1595":0,"1596":0,"1597":0,"1598":0,"1599":0,"1600":0,"1601":0,"1602":0,"1603":0,"1604":0,"1605":0,"1606":0,"1607":0,"1608":0,"1609":0,"1610":0,"1611":0,"1612":0,"1613":0,"1614":0,"1615":0,"1616":0,"1617":0,"1618":0,"1619":0,"1620":0,"1621":0,"1622":0,"1623":0,"1624":0,"1625":0,"1626":0,"1627":0,"1628":0,"1629":0,"1630":0,"1631":0,"1632":0,"1633":0,"1634":0,"1635":0,"1636":0,"1637":0,"1638":0,"1639":0,"1640":0,"1641":0,"1642":0,"1643":0,"1644":0,"1645":0,"1646":0,"1647":0,"1648":0,"1649":0,"1650":0,"1651":0,"1652":0,"1653":0,"1654":1,"1655":4,"1656":4,"1657":4,"1658":4,"1659":4,"1660":4,"1661":4,"1662":4,"1663":4,"1664":4,"1665":4,"1666":0,"1667":0,"1668":0,"1669":0,"1670":0,"1671":0,"1672":0,"1673":0,"1674":0,"1675":0,"1676":0,"1677":0,"1678":0,"1679":0,"1680":0,"1681":0,"1682":0,"1683":0,"1684":0,"1685":0,"1686":0,"1687":0,"1688":0,"1689":0,"1690":0,"1691":0,"1692":0,"1693":0,"1694":0,"1695":0,"1696":0,"1697":0,"1698":0,"1699":0,"1700":0,"1701":0,"1702":0,"1703":0,"1704":0,"1705":0,"1706":0,"1707":0,"1708":0,"1709":0,"1710":0,"1711":0,"1712":0,"1713":0,"1714":0,"1715":0,"1716":0,"1717":0,"1718":0,"1719":0,"1720":0,"1721":0,"1722":0,"1723":0,"1724":0,"1725":0,"1726":0,"1727":0,"1728":0,"1729":0,"1730":0,"1731":0,"1732":0,"1733":0,"1734":0,"1735":0,"1736":0,"1737":0,"1738":0,"1739":0,"1740":0,"1741":0,"1742":0,"1743":0,"1744":0,"1745":0,"1746":0,"1747":0,"1748":0,"1749":0,"1750":0,"1751":0,"1752":0,"1753":0,"1754":0,"1755":0,"1756":0,"1757":0,"1758":0,"1759":0,"1760":0,"1761":0,"1762":0,"1763":0,"1764":0,"1765":0,"1766":0,"1767":0,"1768":4,"1769":4,"1770":4,"1771":4,"1772":4,"1773":4,"1774":4,"1775":4,"1776":4,"1777":4,"1778":4,"1779":4},"branchMap":{"0":{"type":"branch","line":43,"loc":{"start":{"line":43,"column":24},"end":{"line":148,"column":3}},"locations":[{"start":{"line":43,"column":24},"end":{"line":148,"column":3}}]},"1":{"type":"branch","line":102,"loc":{"start":{"line":102,"column":10},"end":{"line":117,"column":5}},"locations":[{"start":{"line":102,"column":10},"end":{"line":117,"column":5}}]},"2":{"type":"branch","line":106,"loc":{"start":{"line":106,"column":47},"end":{"line":108,"column":71}},"locations":[{"start":{"line":106,"column":47},"end":{"line":108,"column":71}}]},"3":{"type":"branch","line":192,"loc":{"start":{"line":192,"column":0},"end":{"line":356,"column":1}},"locations":[{"start":{"line":192,"column":0},"end":{"line":356,"column":1}}]},"4":{"type":"branch","line":199,"loc":{"start":{"line":199,"column":24},"end":{"line":199,"column":42}},"locations":[{"start":{"line":199,"column":24},"end":{"line":199,"column":42}}]},"5":{"type":"branch","line":238,"loc":{"start":{"line":238,"column":11},"end":{"line":238,"column":27}},"locations":[{"start":{"line":238,"column":11},"end":{"line":238,"column":27}}]},"6":{"type":"branch","line":277,"loc":{"start":{"line":277,"column":11},"end":{"line":291,"column":18}},"locations":[{"start":{"line":277,"column":11},"end":{"line":291,"column":18}}]},"7":{"type":"branch","line":346,"loc":{"start":{"line":346,"column":25},"end":{"line":346,"column":41}},"locations":[{"start":{"line":346,"column":25},"end":{"line":346,"column":41}}]},"8":{"type":"branch","line":349,"loc":{"start":{"line":349,"column":15},"end":{"line":349,"column":46}},"locations":[{"start":{"line":349,"column":15},"end":{"line":349,"column":46}}]},"9":{"type":"branch","line":1656,"loc":{"start":{"line":1656,"column":0},"end":{"line":1780,"column":1}},"locations":[{"start":{"line":1656,"column":0},"end":{"line":1780,"column":1}}]},"10":{"type":"branch","line":1661,"loc":{"start":{"line":1661,"column":24},"end":{"line":1661,"column":42}},"locations":[{"start":{"line":1661,"column":24},"end":{"line":1661,"column":42}}]},"11":{"type":"branch","line":1666,"loc":{"start":{"line":1666,"column":2},"end":{"line":1769,"column":29}},"locations":[{"start":{"line":1666,"column":2},"end":{"line":1769,"column":29}}]},"12":{"type":"branch","line":1769,"loc":{"start":{"line":1769,"column":22},"end":{"line":1769,"column":34}},"locations":[{"start":{"line":1769,"column":22},"end":{"line":1769,"column":34}}]},"13":{"type":"branch","line":1773,"loc":{"start":{"line":1773,"column":16},"end":{"line":1773,"column":77}},"locations":[{"start":{"line":1773,"column":16},"end":{"line":1773,"column":77}}]},"14":{"type":"branch","line":1774,"loc":{"start":{"line":1774,"column":16},"end":{"line":1774,"column":81}},"locations":[{"start":{"line":1774,"column":16},"end":{"line":1774,"column":81}}]},"15":{"type":"branch","line":1775,"loc":{"start":{"line":1775,"column":16},"end":{"line":1775,"column":79}},"locations":[{"start":{"line":1775,"column":16},"end":{"line":1775,"column":79}}]},"16":{"type":"branch","line":1776,"loc":{"start":{"line":1776,"column":16},"end":{"line":1776,"column":69}},"locations":[{"start":{"line":1776,"column":16},"end":{"line":1776,"column":69}}]},"17":{"type":"branch","line":1777,"loc":{"start":{"line":1777,"column":16},"end":{"line":1777,"column":71}},"locations":[{"start":{"line":1777,"column":16},"end":{"line":1777,"column":71}}]}},"b":{"0":[8],"1":[8],"2":[0],"3":[4],"4":[0],"5":[0],"6":[0],"7":[0],"8":[0],"9":[4],"10":[0],"11":[0],"12":[0],"13":[0],"14":[0],"15":[0],"16":[0],"17":[0]},"fnMap":{"0":{"name":"getLayoutStyles","decl":{"start":{"line":43,"column":24},"end":{"line":148,"column":3}},"loc":{"start":{"line":43,"column":24},"end":{"line":148,"column":3}},"line":43},"1":{"name":"navButton","decl":{"start":{"line":77,"column":13},"end":{"line":88,"column":5}},"loc":{"start":{"line":77,"column":13},"end":{"line":88,"column":5}},"line":77},"2":{"name":"button","decl":{"start":{"line":102,"column":10},"end":{"line":117,"column":5}},"loc":{"start":{"line":102,"column":10},"end":{"line":117,"column":5}},"line":102},"3":{"name":"badge","decl":{"start":{"line":128,"column":9},"end":{"line":139,"column":5}},"loc":{"start":{"line":128,"column":9},"end":{"line":139,"column":5}},"line":128},"4":{"name":"LoadingSpinner","decl":{"start":{"line":150,"column":23},"end":{"line":161,"column":8}},"loc":{"start":{"line":150,"column":23},"end":{"line":161,"column":8}},"line":150},"5":{"name":"SearchBar","decl":{"start":{"line":164,"column":18},"end":{"line":189,"column":8}},"loc":{"start":{"line":164,"column":18},"end":{"line":189,"column":8}},"line":164},"6":{"name":"Login","decl":{"start":{"line":192,"column":0},"end":{"line":356,"column":1}},"loc":{"start":{"line":192,"column":0},"end":{"line":356,"column":1}},"line":192},"7":{"name":"handleLogin","decl":{"start":{"line":202,"column":2},"end":{"line":220,"column":3}},"loc":{"start":{"line":202,"column":2},"end":{"line":220,"column":3}},"line":202},"8":{"name":"onClick","decl":{"start":{"line":231,"column":19},"end":{"line":231,"column":44}},"loc":{"start":{"line":231,"column":19},"end":{"line":231,"column":44}},"line":231},"9":{"name":"onChange","decl":{"start":{"line":309,"column":28},"end":{"line":309,"column":60}},"loc":{"start":{"line":309,"column":28},"end":{"line":309,"column":60}},"line":309},"10":{"name":"onChange","decl":{"start":{"line":331,"column":28},"end":{"line":331,"column":63}},"loc":{"start":{"line":331,"column":28},"end":{"line":331,"column":63}},"line":331},"11":{"name":"AnimalIntakeForm","decl":{"start":{"line":358,"column":0},"end":{"line":780,"column":1}},"loc":{"start":{"line":358,"column":0},"end":{"line":780,"column":1}},"line":358},"12":{"name":"Dashboard","decl":{"start":{"line":782,"column":0},"end":{"line":1096,"column":1}},"loc":{"start":{"line":782,"column":0},"end":{"line":1096,"column":1}},"line":782},"13":{"name":"SettingsPage","decl":{"start":{"line":1098,"column":0},"end":{"line":1225,"column":1}},"loc":{"start":{"line":1098,"column":0},"end":{"line":1225,"column":1}},"line":1098},"14":{"name":"MyPortal","decl":{"start":{"line":1227,"column":0},"end":{"line":1421,"column":1}},"loc":{"start":{"line":1227,"column":0},"end":{"line":1421,"column":1}},"line":1227},"15":{"name":"VetPortal","decl":{"start":{"line":1423,"column":0},"end":{"line":1654,"column":1}},"loc":{"start":{"line":1423,"column":0},"end":{"line":1654,"column":1}},"line":1423},"16":{"name":"App","decl":{"start":{"line":1656,"column":0},"end":{"line":1780,"column":1}},"loc":{"start":{"line":1656,"column":0},"end":{"line":1780,"column":1}},"line":1656},"17":{"name":"onClick","decl":{"start":{"line":1678,"column":21},"end":{"line":1678,"column":48}},"loc":{"start":{"line":1678,"column":21},"end":{"line":1678,"column":48}},"line":1678},"18":{"name":"onMouseEnter","decl":{"start":{"line":1679,"column":26},"end":{"line":1683,"column":14}},"loc":{"start":{"line":1679,"column":26},"end":{"line":1683,"column":14}},"line":1679},"19":{"name":"onMouseLeave","decl":{"start":{"line":1684,"column":26},"end":{"line":1688,"column":14}},"loc":{"start":{"line":1684,"column":26},"end":{"line":1688,"column":14}},"line":1684},"20":{"name":"onClick","decl":{"start":{"line":1694,"column":21},"end":{"line":1694,"column":45}},"loc":{"start":{"line":1694,"column":21},"end":{"line":1694,"column":45}},"line":1694},"21":{"name":"onMouseEnter","decl":{"start":{"line":1695,"column":26},"end":{"line":1699,"column":14}},"loc":{"start":{"line":1695,"column":26},"end":{"line":1699,"column":14}},"line":1695},"22":{"name":"onMouseLeave","decl":{"start":{"line":1700,"column":26},"end":{"line":1704,"column":14}},"loc":{"start":{"line":1700,"column":26},"end":{"line":1704,"column":14}},"line":1700},"23":{"name":"onClick","decl":{"start":{"line":1710,"column":21},"end":{"line":1710,"column":41}},"loc":{"start":{"line":1710,"column":21},"end":{"line":1710,"column":41}},"line":1710},"24":{"name":"onMouseEnter","decl":{"start":{"line":1711,"column":26},"end":{"line":1715,"column":14}},"loc":{"start":{"line":1711,"column":26},"end":{"line":1715,"column":14}},"line":1711},"25":{"name":"onMouseLeave","decl":{"start":{"line":1716,"column":26},"end":{"line":1720,"column":14}},"loc":{"start":{"line":1716,"column":26},"end":{"line":1720,"column":14}},"line":1716},"26":{"name":"onClick","decl":{"start":{"line":1726,"column":21},"end":{"line":1726,"column":42}},"loc":{"start":{"line":1726,"column":21},"end":{"line":1726,"column":42}},"line":1726},"27":{"name":"onMouseEnter","decl":{"start":{"line":1727,"column":26},"end":{"line":1731,"column":14}},"loc":{"start":{"line":1727,"column":26},"end":{"line":1731,"column":14}},"line":1727},"28":{"name":"onMouseLeave","decl":{"start":{"line":1732,"column":26},"end":{"line":1736,"column":14}},"loc":{"start":{"line":1732,"column":26},"end":{"line":1736,"column":14}},"line":1732},"29":{"name":"onClick","decl":{"start":{"line":1742,"column":21},"end":{"line":1742,"column":47}},"loc":{"start":{"line":1742,"column":21},"end":{"line":1742,"column":47}},"line":1742},"30":{"name":"onMouseEnter","decl":{"start":{"line":1743,"column":26},"end":{"line":1747,"column":14}},"loc":{"start":{"line":1743,"column":26},"end":{"line":1747,"column":14}},"line":1743},"31":{"name":"onMouseLeave","decl":{"start":{"line":1748,"column":26},"end":{"line":1752,"column":14}},"loc":{"start":{"line":1748,"column":26},"end":{"line":1752,"column":14}},"line":1748},"32":{"name":"onClick","decl":{"start":{"line":1757,"column":21},"end":{"line":1757,"column":46}},"loc":{"start":{"line":1757,"column":21},"end":{"line":1757,"column":46}},"line":1757},"33":{"name":"onMouseEnter","decl":{"start":{"line":1762,"column":26},"end":{"line":1764,"column":14}},"loc":{"start":{"line":1762,"column":26},"end":{"line":1764,"column":14}},"line":1762},"34":{"name":"onMouseLeave","decl":{"start":{"line":1765,"column":26},"end":{"line":1767,"column":14}},"loc":{"start":{"line":1765,"column":26},"end":{"line":1767,"column":14}},"line":1765}},"f":{"0":8,"1":0,"2":8,"3":0,"4":0,"5":0,"6":4,"7":0,"8":0,"9":0,"10":0,"11":0,"12":0,"13":0,"14":0,"15":0,"16":4,"17":0,"18":0,"19":0,"20":0,"21":0,"22":0,"23":0,"24":0,"25":0,"26":0,"27":0,"28":0,"29":0,"30":0,"31":0,"32":0,"33":0,"34":0}}
,"C:\\Users\\natew\\OneDrive\\Desktop\\RecueWorks Version Control\\RescueWorks-main (3)\\RescueWorks-main\\frontend\\src\\api.js": {"path":"C:\\Users\\natew\\OneDrive\\Desktop\\RecueWorks Version Control\\RescueWorks-main (3)\\RescueWorks-main\\frontend\\src\\api.js","all":true,"statementMap":{"0":{"start":{"line":1,"column":0},"end":{"line":1,"column":26}},"1":{"start":{"line":2,"column":0},"end":{"line":2,"column":0}},"2":{"start":{"line":3,"column":0},"end":{"line":3,"column":26}},"3":{"start":{"line":4,"column":0},"end":{"line":4,"column":35}},"4":{"start":{"line":5,"column":0},"end":{"line":5,"column":3}},"5":{"start":{"line":6,"column":0},"end":{"line":6,"column":0}},"6":{"start":{"line":7,"column":0},"end":{"line":7,"column":37}},"7":{"start":{"line":8,"column":0},"end":{"line":8,"column":14}},"8":{"start":{"line":9,"column":0},"end":{"line":9,"column":69}},"9":{"start":{"line":10,"column":0},"end":{"line":10,"column":10}},"10":{"start":{"line":11,"column":0},"end":{"line":11,"column":56}},"11":{"start":{"line":12,"column":0},"end":{"line":12,"column":3}},"12":{"start":{"line":13,"column":0},"end":{"line":13,"column":1}},"13":{"start":{"line":14,"column":0},"end":{"line":14,"column":0}},"14":{"start":{"line":15,"column":0},"end":{"line":15,"column":19}}},"s":{"0":0,"1":0,"2":0,"3":0,"4":0,"5":0,"6":0,"7":0,"8":0,"9":0,"10":0,"11":0,"12":0,"13":0,"14":0},"branchMap":{"0":{"type":"branch","line":1,"loc":{"start":{"line":1,"column":0},"end":{"line":15,"column":-67}},"locations":[{"start":{"line":1,"column":0},"end":{"line":15,"column":-67}}]}},"b":{"0":[0]},"fnMap":{"0":{"name":"(empty-report)","decl":{"start":{"line":1,"column":0},"end":{"line":15,"column":-67}},"loc":{"start":{"line":1,"column":0},"end":{"line":15,"column":-67}},"line":1}},"f":{"0":0}}
,"C:\\Users\\natew\\OneDrive\\Desktop\\RecueWorks Version Control\\RescueWorks-main (3)\\RescueWorks-main\\frontend\\src\\main.jsx": {"path":"C:\\Users\\natew\\OneDrive\\Desktop\\RecueWorks Version Control\\RescueWorks-main (3)\\RescueWorks-main\\frontend\\src\\main.jsx","all":true,"statementMap":{"0":{"start":{"line":1,"column":0},"end":{"line":1,"column":26}},"1":{"start":{"line":2,"column":0},"end":{"line":2,"column":40}},"2":{"start":{"line":3,"column":0},"end":{"line":3,"column":24}},"3":{"start":{"line":4,"column":0},"end":{"line":4,"column":0}},"4":{"start":{"line":5,"column":0},"end":{"line":5,"column":60}},"5":{"start":{"line":6,"column":0},"end":{"line":6,"column":20}},"6":{"start":{"line":7,"column":0},"end":{"line":7,"column":11}},"7":{"start":{"line":8,"column":0},"end":{"line":8,"column":21}},"8":{"start":{"line":9,"column":0},"end":{"line":9,"column":2}}},"s":{"0":0,"1":0,"2":0,"3":0,"4":0,"5":0,"6":0,"7":0,"8":0},"branchMap":{"0":{"type":"branch","line":1,"loc":{"start":{"line":1,"column":212},"end":{"line":9,"column":2}},"locations":[{"start":{"line":1,"column":212},"end":{"line":9,"column":2}}]}},"b":{"0":[0]},"fnMap":{"0":{"name":"(empty-report)","decl":{"start":{"line":1,"column":212},"end":{"line":9,"column":2}},"loc":{"start":{"line":1,"column":212},"end":{"line":9,"column":2}},"line":1}},"f":{"0":0}}
}
